<?xml version="1.0" encoding="utf-8"?>
<CoverageSession xmlns:xsd="http://www.w3.org/2001/XMLSchema" xmlns:xsi="http://www.w3.org/2001/XMLSchema-instance" Version="0.0.0.0">
  <Summary numSequencePoints="2285" visitedSequencePoints="1645" numBranchPoints="0" visitedBranchPoints="0" sequenceCoverage="71.99" branchCoverage="0.0" maxCyclomaticComplexity="0" minCyclomaticComplexity="0" maxCrapScore="0" minCrapScore="0" visitedClasses="29" numClasses="35" visitedMethods="152" numMethods="190" />
  <Modules>
    <Module>
      <Summary numSequencePoints="2285" visitedSequencePoints="1645" numBranchPoints="0" visitedBranchPoints="0" sequenceCoverage="71.99" branchCoverage="0.0" maxCyclomaticComplexity="0" minCyclomaticComplexity="0" maxCrapScore="0" minCrapScore="0" visitedClasses="29" numClasses="35" visitedMethods="152" numMethods="190" />
      <ModuleTime>0001-01-01T00:00:00</ModuleTime>
      <ModuleName>GameAssembly</ModuleName>
      <Files>
        <File uid="1" fullPath="C:/Users/user/Documents/GitHub/aim-trainer/Assets/Scripts/LevelScripts/BasicRigidBodyPush.cs" />
        <File uid="2" fullPath="C:/Users/user/Documents/GitHub/aim-trainer/Assets/Scripts/LevelScripts/Game Control/GameControl.cs" />
        <File uid="3" fullPath="C:/Users/user/Documents/GitHub/aim-trainer/Assets/Scripts/LevelScripts/Game Control/GameControl_Anticipation.cs" />
        <File uid="4" fullPath="C:/Users/user/Documents/GitHub/aim-trainer/Assets/Scripts/LevelScripts/Game Control/GameControl_Moving.cs" />
        <File uid="5" fullPath="C:/Users/user/Documents/GitHub/aim-trainer/Assets/Scripts/LevelScripts/PathSpawner_Anticipation.cs" />
        <File uid="6" fullPath="C:/Users/user/Documents/GitHub/aim-trainer/Assets/Scripts/LevelScripts/PauseMenu.cs" />
        <File uid="7" fullPath="C:/Users/user/Documents/GitHub/aim-trainer/Assets/Scripts/LevelScripts/PauseMenu_Anticipation.cs" />
        <File uid="8" fullPath="C:/Users/user/Documents/GitHub/aim-trainer/Assets/Scripts/LevelScripts/PauseMenu_Moving.cs" />
        <File uid="9" fullPath="C:/Users/user/Documents/GitHub/aim-trainer/Assets/Scripts/LevelScripts/Save/SaveSystem.cs" />
        <File uid="10" fullPath="C:/Users/user/Documents/GitHub/aim-trainer/Assets/Scripts/LevelScripts/Save/SessionData.cs" />
        <File uid="11" fullPath="C:/Users/user/Documents/GitHub/aim-trainer/Assets/Scripts/LevelScripts/Save/SessionData_instance.cs" />
        <File uid="12" fullPath="C:/Users/user/Documents/GitHub/aim-trainer/Assets/Scripts/LevelScripts/Target/Target.cs" />
        <File uid="13" fullPath="C:/Users/user/Documents/GitHub/aim-trainer/Assets/Scripts/LevelScripts/Target/Target_Anticipation.cs" />
        <File uid="14" fullPath="C:/Users/user/Documents/GitHub/aim-trainer/Assets/Scripts/LevelScripts/Target/Target_Moving.cs" />
        <File uid="15" fullPath="C:/Users/user/Documents/GitHub/aim-trainer/Assets/Scripts/LevelScripts/TargetBounds.cs" />
        <File uid="16" fullPath="C:/Users/user/Documents/GitHub/aim-trainer/Assets/Scripts/LevelScripts/Weapon/CamRecoil.cs" />
        <File uid="17" fullPath="C:/Users/user/Documents/GitHub/aim-trainer/Assets/Scripts/LevelScripts/Weapon/Weapon.cs" />
        <File uid="18" fullPath="C:/Users/user/Documents/GitHub/aim-trainer/Assets/Scripts/LevelScripts/Weapon/WeaponManager.cs" />
        <File uid="19" fullPath="C:/Users/user/Documents/GitHub/aim-trainer/Assets/Scripts/Menu/Achievements/AchievementButton.cs" />
        <File uid="20" fullPath="C:/Users/user/Documents/GitHub/aim-trainer/Assets/Scripts/Menu/Achievements/AchievementChecker.cs" />
        <File uid="21" fullPath="C:/Users/user/Documents/GitHub/aim-trainer/Assets/Scripts/Menu/Achievements/AchievementInstance.cs" />
        <File uid="22" fullPath="C:/Users/user/Documents/GitHub/aim-trainer/Assets/Scripts/Menu/Achievements/AchievementManager.cs" />
        <File uid="23" fullPath="C:/Users/user/Documents/GitHub/aim-trainer/Assets/Scripts/Menu/MainMenu.cs" />
        <File uid="24" fullPath="C:/Users/user/Documents/GitHub/aim-trainer/Assets/Scripts/Menu/Menu_Stats.cs" />
        <File uid="25" fullPath="C:/Users/user/Documents/GitHub/aim-trainer/Assets/Scripts/Menu/Menu_Stats_RadarGraph.cs" />
        <File uid="26" fullPath="C:/Users/user/Documents/GitHub/aim-trainer/Assets/Scripts/Menu/Menu_Stats_StatGraph.cs" />
        <File uid="27" fullPath="C:/Users/user/Documents/GitHub/aim-trainer/Assets/Scripts/Menu/Menu_Stats_StatHeatmap.cs" />
        <File uid="28" fullPath="C:/Users/user/Documents/GitHub/aim-trainer/Assets/Scripts/Menu/SettingsMenu.cs" />
        <File uid="29" fullPath="C:/Users/user/Documents/GitHub/aim-trainer/Assets/Scripts/Menu/LevelStats.cs" />
        <File uid="30" fullPath="C:/Users/user/Documents/GitHub/aim-trainer/Assets/Scripts/LevelScripts/FirstPersonController.cs" />
      </Files>
      <Classes>
        <Class>
          <Summary numSequencePoints="17" visitedSequencePoints="4" numBranchPoints="0" visitedBranchPoints="0" sequenceCoverage="23.53" branchCoverage="0.0" maxCyclomaticComplexity="0" minCyclomaticComplexity="0" maxCrapScore="0" minCrapScore="0" visitedClasses="1" numClasses="1" visitedMethods="2" numMethods="3" />
          <FullName>BasicRigidBodyPush</FullName>
          <Methods>
            <Method visited="true" cyclomaticComplexity="0" nPathComplexity="0" sequenceCoverage="75.00" branchCoverage="0" crapScore="0" isConstructor="false" isStatic="false" isGetter="false" isSetter="false">
              <Summary numSequencePoints="4" visitedSequencePoints="3" numBranchPoints="0" visitedBranchPoints="0" sequenceCoverage="75.00" branchCoverage="0" maxCyclomaticComplexity="0" minCyclomaticComplexity="0" maxCrapScore="0" minCrapScore="0" visitedClasses="0" numClasses="0" visitedMethods="1" numMethods="1" />
              <MetadataToken>100663297</MetadataToken>
              <Name>System.Void BasicRigidBodyPush::OnControllerColliderHit(UnityEngine.ControllerColliderHit)</Name>
              <FileRef uid="1" />
              <SequencePoints>
                <SequencePoint vc="7687" uspid="1" ordinal="0" offset="0" sl="10" sc="2" el="10" ec="2" bec="0" bev="0" fileid="1" />
                <SequencePoint vc="7687" uspid="2" ordinal="0" offset="1" sl="11" sc="3" el="11" ec="3" bec="0" bev="0" fileid="1" />
                <SequencePoint vc="0" uspid="3" ordinal="0" offset="11" sl="11" sc="16" el="11" ec="16" bec="0" bev="0" fileid="1" />
                <SequencePoint vc="7687" uspid="4" ordinal="0" offset="19" sl="12" sc="2" el="12" ec="2" bec="0" bev="0" fileid="1" />
              </SequencePoints>
              <BranchPoints />
            </Method>
            <Method visited="false" cyclomaticComplexity="0" nPathComplexity="0" sequenceCoverage="0.0" branchCoverage="0" crapScore="0" isConstructor="false" isStatic="false" isGetter="false" isSetter="false">
              <Summary numSequencePoints="12" visitedSequencePoints="0" numBranchPoints="0" visitedBranchPoints="0" sequenceCoverage="0.0" branchCoverage="0" maxCyclomaticComplexity="0" minCyclomaticComplexity="0" maxCrapScore="0" minCrapScore="0" visitedClasses="0" numClasses="0" visitedMethods="0" numMethods="1" />
              <MetadataToken>100663298</MetadataToken>
              <Name>System.Void BasicRigidBodyPush::PushRigidBodies(UnityEngine.ControllerColliderHit)</Name>
              <FileRef uid="1" />
              <SequencePoints>
                <SequencePoint vc="0" uspid="5" ordinal="0" offset="0" sl="15" sc="0" el="15" ec="0" bec="0" bev="0" fileid="1" />
                <SequencePoint vc="0" uspid="6" ordinal="0" offset="1" sl="19" sc="0" el="19" ec="0" bec="0" bev="0" fileid="1" />
                <SequencePoint vc="0" uspid="7" ordinal="0" offset="13" sl="20" sc="0" el="20" ec="0" bec="0" bev="0" fileid="1" />
                <SequencePoint vc="0" uspid="8" ordinal="0" offset="35" sl="20" sc="0" el="20" ec="0" bec="0" bev="0" fileid="1" />
                <SequencePoint vc="0" uspid="9" ordinal="0" offset="37" sl="23" sc="0" el="23" ec="0" bec="0" bev="0" fileid="1" />
                <SequencePoint vc="0" uspid="10" ordinal="0" offset="54" sl="24" sc="0" el="24" ec="0" bec="0" bev="0" fileid="1" />
                <SequencePoint vc="0" uspid="11" ordinal="0" offset="76" sl="24" sc="0" el="24" ec="0" bec="0" bev="0" fileid="1" />
                <SequencePoint vc="0" uspid="12" ordinal="0" offset="78" sl="27" sc="0" el="27" ec="0" bec="0" bev="0" fileid="1" />
                <SequencePoint vc="0" uspid="13" ordinal="0" offset="102" sl="27" sc="0" el="27" ec="0" bec="0" bev="0" fileid="1" />
                <SequencePoint vc="0" uspid="14" ordinal="0" offset="104" sl="30" sc="0" el="30" ec="0" bec="0" bev="0" fileid="1" />
                <SequencePoint vc="0" uspid="15" ordinal="0" offset="138" sl="33" sc="0" el="33" ec="0" bec="0" bev="0" fileid="1" />
                <SequencePoint vc="0" uspid="16" ordinal="0" offset="158" sl="34" sc="0" el="34" ec="0" bec="0" bev="0" fileid="1" />
              </SequencePoints>
              <BranchPoints />
            </Method>
            <Method visited="true" cyclomaticComplexity="0" nPathComplexity="0" sequenceCoverage="100.0" branchCoverage="0" crapScore="0" isConstructor="true" isStatic="false" isGetter="false" isSetter="false">
              <Summary numSequencePoints="1" visitedSequencePoints="1" numBranchPoints="0" visitedBranchPoints="0" sequenceCoverage="100.0" branchCoverage="0" maxCyclomaticComplexity="0" minCyclomaticComplexity="0" maxCrapScore="0" minCrapScore="0" visitedClasses="0" numClasses="0" visitedMethods="1" numMethods="1" />
              <MetadataToken>100663299</MetadataToken>
              <Name>BasicRigidBodyPush::BasicRigidBodyPush()</Name>
              <FileRef uid="1" />
              <SequencePoints>
                <SequencePoint vc="8" uspid="17" ordinal="0" offset="0" sl="7" sc="20" el="7" ec="20" bec="0" bev="0" fileid="1" />
              </SequencePoints>
              <BranchPoints />
            </Method>
          </Methods>
        </Class>
        <Class>
          <Summary numSequencePoints="129" visitedSequencePoints="91" numBranchPoints="0" visitedBranchPoints="0" sequenceCoverage="70.54" branchCoverage="0.0" maxCyclomaticComplexity="0" minCyclomaticComplexity="0" maxCrapScore="0" minCrapScore="0" visitedClasses="1" numClasses="1" visitedMethods="6" numMethods="6" />
          <FullName>GameControl</FullName>
          <Methods>
            <Method visited="true" cyclomaticComplexity="0" nPathComplexity="0" sequenceCoverage="100.0" branchCoverage="0" crapScore="0" isConstructor="false" isStatic="false" isGetter="false" isSetter="false">
              <Summary numSequencePoints="19" visitedSequencePoints="19" numBranchPoints="0" visitedBranchPoints="0" sequenceCoverage="100.0" branchCoverage="0" maxCyclomaticComplexity="0" minCyclomaticComplexity="0" maxCrapScore="0" minCrapScore="0" visitedClasses="0" numClasses="0" visitedMethods="1" numMethods="1" />
              <MetadataToken>100663300</MetadataToken>
              <Name>System.Void GameControl::Start()</Name>
              <FileRef uid="2" />
              <SequencePoints>
                <SequencePoint vc="2" uspid="18" ordinal="0" offset="0" sl="74" sc="5" el="74" ec="5" bec="0" bev="0" fileid="2" />
                <SequencePoint vc="2" uspid="19" ordinal="0" offset="1" sl="75" sc="9" el="75" ec="9" bec="0" bev="0" fileid="2" />
                <SequencePoint vc="2" uspid="20" ordinal="0" offset="36" sl="76" sc="9" el="76" ec="9" bec="0" bev="0" fileid="2" />
                <SequencePoint vc="2" uspid="21" ordinal="0" offset="59" sl="77" sc="9" el="77" ec="9" bec="0" bev="0" fileid="2" />
                <SequencePoint vc="2" uspid="22" ordinal="0" offset="66" sl="78" sc="9" el="78" ec="9" bec="0" bev="0" fileid="2" />
                <SequencePoint vc="2" uspid="23" ordinal="0" offset="72" sl="79" sc="9" el="79" ec="9" bec="0" bev="0" fileid="2" />
                <SequencePoint vc="2" uspid="24" ordinal="0" offset="83" sl="80" sc="9" el="80" ec="9" bec="0" bev="0" fileid="2" />
                <SequencePoint vc="2" uspid="25" ordinal="0" offset="94" sl="81" sc="9" el="81" ec="9" bec="0" bev="0" fileid="2" />
                <SequencePoint vc="2" uspid="26" ordinal="0" offset="101" sl="82" sc="9" el="82" ec="9" bec="0" bev="0" fileid="2" />
                <SequencePoint vc="2" uspid="27" ordinal="0" offset="108" sl="83" sc="9" el="83" ec="9" bec="0" bev="0" fileid="2" />
                <SequencePoint vc="2" uspid="28" ordinal="0" offset="115" sl="85" sc="9" el="85" ec="9" bec="0" bev="0" fileid="2" />
                <SequencePoint vc="2" uspid="29" ordinal="0" offset="122" sl="86" sc="9" el="86" ec="9" bec="0" bev="0" fileid="2" />
                <SequencePoint vc="2" uspid="30" ordinal="0" offset="133" sl="87" sc="9" el="87" ec="9" bec="0" bev="0" fileid="2" />
                <SequencePoint vc="2" uspid="31" ordinal="0" offset="140" sl="88" sc="9" el="88" ec="9" bec="0" bev="0" fileid="2" />
                <SequencePoint vc="2" uspid="32" ordinal="0" offset="151" sl="90" sc="9" el="90" ec="9" bec="0" bev="0" fileid="2" />
                <SequencePoint vc="2" uspid="33" ordinal="0" offset="164" sl="91" sc="9" el="91" ec="9" bec="0" bev="0" fileid="2" />
                <SequencePoint vc="2" uspid="34" ordinal="0" offset="177" sl="93" sc="9" el="93" ec="9" bec="0" bev="0" fileid="2" />
                <SequencePoint vc="2" uspid="35" ordinal="0" offset="226" sl="96" sc="9" el="96" ec="9" bec="0" bev="0" fileid="2" />
                <SequencePoint vc="2" uspid="36" ordinal="0" offset="243" sl="97" sc="5" el="97" ec="5" bec="0" bev="0" fileid="2" />
              </SequencePoints>
              <BranchPoints />
            </Method>
            <Method visited="true" cyclomaticComplexity="0" nPathComplexity="0" sequenceCoverage="59.38" branchCoverage="0" crapScore="0" isConstructor="false" isStatic="false" isGetter="false" isSetter="false">
              <Summary numSequencePoints="32" visitedSequencePoints="19" numBranchPoints="0" visitedBranchPoints="0" sequenceCoverage="59.38" branchCoverage="0" maxCyclomaticComplexity="0" minCyclomaticComplexity="0" maxCrapScore="0" minCrapScore="0" visitedClasses="0" numClasses="0" visitedMethods="1" numMethods="1" />
              <MetadataToken>100663301</MetadataToken>
              <Name>System.Void GameControl::Update()</Name>
              <FileRef uid="2" />
              <SequencePoints>
                <SequencePoint vc="4358" uspid="37" ordinal="0" offset="0" sl="101" sc="5" el="101" ec="5" bec="0" bev="0" fileid="2" />
                <SequencePoint vc="4358" uspid="38" ordinal="0" offset="1" sl="102" sc="9" el="102" ec="9" bec="0" bev="0" fileid="2" />
                <SequencePoint vc="4072" uspid="39" ordinal="0" offset="17" sl="103" sc="9" el="103" ec="9" bec="0" bev="0" fileid="2" />
                <SequencePoint vc="4072" uspid="40" ordinal="0" offset="18" sl="104" sc="13" el="104" ec="13" bec="0" bev="0" fileid="2" />
                <SequencePoint vc="0" uspid="41" ordinal="0" offset="38" sl="105" sc="13" el="105" ec="13" bec="0" bev="0" fileid="2" />
                <SequencePoint vc="0" uspid="42" ordinal="0" offset="39" sl="106" sc="17" el="106" ec="17" bec="0" bev="0" fileid="2" />
                <SequencePoint vc="0" uspid="43" ordinal="0" offset="46" sl="107" sc="17" el="107" ec="17" bec="0" bev="0" fileid="2" />
                <SequencePoint vc="0" uspid="44" ordinal="0" offset="53" sl="108" sc="13" el="108" ec="13" bec="0" bev="0" fileid="2" />
                <SequencePoint vc="4072" uspid="45" ordinal="0" offset="54" sl="109" sc="13" el="109" ec="13" bec="0" bev="0" fileid="2" />
                <SequencePoint vc="4072" uspid="46" ordinal="0" offset="61" sl="111" sc="13" el="111" ec="13" bec="0" bev="0" fileid="2" />
                <SequencePoint vc="1" uspid="47" ordinal="0" offset="79" sl="112" sc="13" el="112" ec="13" bec="0" bev="0" fileid="2" />
                <SequencePoint vc="1" uspid="48" ordinal="0" offset="80" sl="113" sc="17" el="113" ec="17" bec="0" bev="0" fileid="2" />
                <SequencePoint vc="1" uspid="49" ordinal="0" offset="92" sl="114" sc="17" el="114" ec="17" bec="0" bev="0" fileid="2" />
                <SequencePoint vc="1" uspid="50" ordinal="0" offset="103" sl="115" sc="17" el="115" ec="17" bec="0" bev="0" fileid="2" />
                <SequencePoint vc="1" uspid="51" ordinal="0" offset="135" sl="116" sc="13" el="116" ec="13" bec="0" bev="0" fileid="2" />
                <SequencePoint vc="4072" uspid="52" ordinal="0" offset="136" sl="117" sc="13" el="117" ec="13" bec="0" bev="0" fileid="2" />
                <SequencePoint vc="4072" uspid="53" ordinal="0" offset="152" sl="118" sc="13" el="118" ec="13" bec="0" bev="0" fileid="2" />
                <SequencePoint vc="4072" uspid="54" ordinal="0" offset="153" sl="119" sc="17" el="119" ec="17" bec="0" bev="0" fileid="2" />
                <SequencePoint vc="4072" uspid="55" ordinal="0" offset="160" sl="120" sc="17" el="120" ec="17" bec="0" bev="0" fileid="2" />
                <SequencePoint vc="4072" uspid="56" ordinal="0" offset="167" sl="121" sc="13" el="121" ec="13" bec="0" bev="0" fileid="2" />
                <SequencePoint vc="4072" uspid="57" ordinal="0" offset="168" sl="122" sc="9" el="122" ec="9" bec="0" bev="0" fileid="2" />
                <SequencePoint vc="286" uspid="58" ordinal="0" offset="171" sl="122" sc="16" el="122" ec="16" bec="0" bev="0" fileid="2" />
                <SequencePoint vc="0" uspid="59" ordinal="0" offset="186" sl="123" sc="9" el="123" ec="9" bec="0" bev="0" fileid="2" />
                <SequencePoint vc="0" uspid="60" ordinal="0" offset="187" sl="124" sc="13" el="124" ec="13" bec="0" bev="0" fileid="2" />
                <SequencePoint vc="0" uspid="61" ordinal="0" offset="200" sl="125" sc="13" el="125" ec="13" bec="0" bev="0" fileid="2" />
                <SequencePoint vc="0" uspid="62" ordinal="0" offset="213" sl="126" sc="13" el="126" ec="13" bec="0" bev="0" fileid="2" />
                <SequencePoint vc="0" uspid="63" ordinal="0" offset="220" sl="127" sc="13" el="127" ec="13" bec="0" bev="0" fileid="2" />
                <SequencePoint vc="0" uspid="64" ordinal="0" offset="227" sl="128" sc="13" el="128" ec="13" bec="0" bev="0" fileid="2" />
                <SequencePoint vc="0" uspid="65" ordinal="0" offset="238" sl="129" sc="13" el="129" ec="13" bec="0" bev="0" fileid="2" />
                <SequencePoint vc="0" uspid="66" ordinal="0" offset="251" sl="130" sc="13" el="130" ec="13" bec="0" bev="0" fileid="2" />
                <SequencePoint vc="0" uspid="67" ordinal="0" offset="258" sl="131" sc="9" el="131" ec="9" bec="0" bev="0" fileid="2" />
                <SequencePoint vc="4358" uspid="68" ordinal="0" offset="259" sl="132" sc="5" el="132" ec="5" bec="0" bev="0" fileid="2" />
              </SequencePoints>
              <BranchPoints />
            </Method>
            <Method visited="true" cyclomaticComplexity="0" nPathComplexity="0" sequenceCoverage="52.83" branchCoverage="0" crapScore="0" isConstructor="false" isStatic="false" isGetter="false" isSetter="false">
              <Summary numSequencePoints="53" visitedSequencePoints="28" numBranchPoints="0" visitedBranchPoints="0" sequenceCoverage="52.83" branchCoverage="0" maxCyclomaticComplexity="0" minCyclomaticComplexity="0" maxCrapScore="0" minCrapScore="0" visitedClasses="0" numClasses="0" visitedMethods="1" numMethods="1" />
              <MetadataToken>100663302</MetadataToken>
              <Name>System.Void GameControl::ShootRay()</Name>
              <FileRef uid="2" />
              <SequencePoints>
                <SequencePoint vc="11" uspid="69" ordinal="0" offset="0" sl="135" sc="5" el="135" ec="5" bec="0" bev="0" fileid="2" />
                <SequencePoint vc="11" uspid="70" ordinal="0" offset="1" sl="136" sc="9" el="136" ec="9" bec="0" bev="0" fileid="2" />
                <SequencePoint vc="11" uspid="71" ordinal="0" offset="28" sl="137" sc="9" el="137" ec="9" bec="0" bev="0" fileid="2" />
                <SequencePoint vc="11" uspid="72" ordinal="0" offset="43" sl="138" sc="9" el="138" ec="9" bec="0" bev="0" fileid="2" />
                <SequencePoint vc="11" uspid="73" ordinal="0" offset="44" sl="139" sc="13" el="139" ec="13" bec="0" bev="0" fileid="2" />
                <SequencePoint vc="11" uspid="74" ordinal="0" offset="62" sl="142" sc="13" el="142" ec="13" bec="0" bev="0" fileid="2" />
                <SequencePoint vc="1" uspid="75" ordinal="0" offset="78" sl="143" sc="13" el="143" ec="13" bec="0" bev="0" fileid="2" />
                <SequencePoint vc="1" uspid="76" ordinal="0" offset="79" sl="144" sc="17" el="144" ec="17" bec="0" bev="0" fileid="2" />
                <SequencePoint vc="0" uspid="77" ordinal="0" offset="94" sl="145" sc="17" el="145" ec="17" bec="0" bev="0" fileid="2" />
                <SequencePoint vc="0" uspid="78" ordinal="0" offset="95" sl="146" sc="21" el="146" ec="21" bec="0" bev="0" fileid="2" />
                <SequencePoint vc="0" uspid="79" ordinal="0" offset="109" sl="147" sc="17" el="147" ec="17" bec="0" bev="0" fileid="2" />
                <SequencePoint vc="1" uspid="80" ordinal="0" offset="110" sl="148" sc="17" el="148" ec="17" bec="0" bev="0" fileid="2" />
                <SequencePoint vc="0" uspid="81" ordinal="0" offset="130" sl="149" sc="17" el="149" ec="17" bec="0" bev="0" fileid="2" />
                <SequencePoint vc="0" uspid="82" ordinal="0" offset="131" sl="150" sc="21" el="150" ec="21" bec="0" bev="0" fileid="2" />
                <SequencePoint vc="0" uspid="83" ordinal="0" offset="143" sl="151" sc="17" el="151" ec="17" bec="0" bev="0" fileid="2" />
                <SequencePoint vc="1" uspid="84" ordinal="0" offset="144" sl="152" sc="17" el="152" ec="17" bec="0" bev="0" fileid="2" />
                <SequencePoint vc="1" uspid="85" ordinal="0" offset="159" sl="153" sc="17" el="153" ec="17" bec="0" bev="0" fileid="2" />
                <SequencePoint vc="1" uspid="86" ordinal="0" offset="160" sl="154" sc="21" el="154" ec="21" bec="0" bev="0" fileid="2" />
                <SequencePoint vc="1" uspid="87" ordinal="0" offset="167" sl="155" sc="21" el="155" ec="21" bec="0" bev="0" fileid="2" />
                <SequencePoint vc="1" uspid="88" ordinal="0" offset="174" sl="156" sc="21" el="156" ec="21" bec="0" bev="0" fileid="2" />
                <SequencePoint vc="1" uspid="89" ordinal="0" offset="188" sl="157" sc="21" el="157" ec="21" bec="0" bev="0" fileid="2" />
                <SequencePoint vc="1" uspid="90" ordinal="0" offset="199" sl="161" sc="21" el="161" ec="21" bec="0" bev="0" fileid="2" />
                <SequencePoint vc="1" uspid="91" ordinal="0" offset="217" sl="162" sc="17" el="162" ec="17" bec="0" bev="0" fileid="2" />
                <SequencePoint vc="0" uspid="92" ordinal="0" offset="223" sl="163" sc="22" el="163" ec="22" bec="0" bev="0" fileid="2" />
                <SequencePoint vc="0" uspid="93" ordinal="0" offset="241" sl="164" sc="17" el="164" ec="17" bec="0" bev="0" fileid="2" />
                <SequencePoint vc="0" uspid="94" ordinal="0" offset="242" sl="166" sc="21" el="166" ec="21" bec="0" bev="0" fileid="2" />
                <SequencePoint vc="0" uspid="95" ordinal="0" offset="256" sl="167" sc="21" el="167" ec="21" bec="0" bev="0" fileid="2" />
                <SequencePoint vc="0" uspid="96" ordinal="0" offset="268" sl="170" sc="21" el="170" ec="21" bec="0" bev="0" fileid="2" />
                <SequencePoint vc="0" uspid="97" ordinal="0" offset="287" sl="171" sc="21" el="171" ec="21" bec="0" bev="0" fileid="2" />
                <SequencePoint vc="0" uspid="98" ordinal="0" offset="288" sl="172" sc="25" el="172" ec="25" bec="0" bev="0" fileid="2" />
                <SequencePoint vc="0" uspid="99" ordinal="0" offset="295" sl="173" sc="25" el="173" ec="25" bec="0" bev="0" fileid="2" />
                <SequencePoint vc="0" uspid="100" ordinal="0" offset="302" sl="174" sc="25" el="174" ec="25" bec="0" bev="0" fileid="2" />
                <SequencePoint vc="0" uspid="101" ordinal="0" offset="328" sl="175" sc="25" el="175" ec="25" bec="0" bev="0" fileid="2" />
                <SequencePoint vc="0" uspid="102" ordinal="0" offset="347" sl="176" sc="25" el="176" ec="25" bec="0" bev="0" fileid="2" />
                <SequencePoint vc="0" uspid="103" ordinal="0" offset="358" sl="180" sc="25" el="180" ec="25" bec="0" bev="0" fileid="2" />
                <SequencePoint vc="0" uspid="104" ordinal="0" offset="376" sl="181" sc="21" el="181" ec="21" bec="0" bev="0" fileid="2" />
                <SequencePoint vc="0" uspid="105" ordinal="0" offset="379" sl="183" sc="21" el="183" ec="21" bec="0" bev="0" fileid="2" />
                <SequencePoint vc="0" uspid="106" ordinal="0" offset="380" sl="184" sc="25" el="184" ec="25" bec="0" bev="0" fileid="2" />
                <SequencePoint vc="0" uspid="107" ordinal="0" offset="406" sl="185" sc="25" el="185" ec="25" bec="0" bev="0" fileid="2" />
                <SequencePoint vc="0" uspid="108" ordinal="0" offset="425" sl="186" sc="25" el="186" ec="25" bec="0" bev="0" fileid="2" />
                <SequencePoint vc="0" uspid="109" ordinal="0" offset="436" sl="187" sc="21" el="187" ec="21" bec="0" bev="0" fileid="2" />
                <SequencePoint vc="0" uspid="110" ordinal="0" offset="437" sl="188" sc="17" el="188" ec="17" bec="0" bev="0" fileid="2" />
                <SequencePoint vc="1" uspid="111" ordinal="0" offset="438" sl="189" sc="13" el="189" ec="13" bec="0" bev="0" fileid="2" />
                <SequencePoint vc="10" uspid="112" ordinal="0" offset="441" sl="191" sc="13" el="191" ec="13" bec="0" bev="0" fileid="2" />
                <SequencePoint vc="10" uspid="113" ordinal="0" offset="442" sl="192" sc="17" el="192" ec="17" bec="0" bev="0" fileid="2" />
                <SequencePoint vc="10" uspid="114" ordinal="0" offset="449" sl="193" sc="13" el="193" ec="13" bec="0" bev="0" fileid="2" />
                <SequencePoint vc="11" uspid="115" ordinal="0" offset="450" sl="194" sc="9" el="194" ec="9" bec="0" bev="0" fileid="2" />
                <SequencePoint vc="11" uspid="116" ordinal="0" offset="451" sl="195" sc="9" el="195" ec="9" bec="0" bev="0" fileid="2" />
                <SequencePoint vc="11" uspid="117" ordinal="0" offset="466" sl="196" sc="9" el="196" ec="9" bec="0" bev="0" fileid="2" />
                <SequencePoint vc="11" uspid="118" ordinal="0" offset="467" sl="197" sc="13" el="197" ec="13" bec="0" bev="0" fileid="2" />
                <SequencePoint vc="11" uspid="119" ordinal="0" offset="485" sl="198" sc="9" el="198" ec="9" bec="0" bev="0" fileid="2" />
                <SequencePoint vc="11" uspid="120" ordinal="0" offset="486" sl="200" sc="9" el="200" ec="9" bec="0" bev="0" fileid="2" />
                <SequencePoint vc="11" uspid="121" ordinal="0" offset="493" sl="201" sc="5" el="201" ec="5" bec="0" bev="0" fileid="2" />
              </SequencePoints>
              <BranchPoints />
            </Method>
            <Method visited="true" cyclomaticComplexity="0" nPathComplexity="0" sequenceCoverage="100.0" branchCoverage="0" crapScore="0" isConstructor="false" isStatic="false" isGetter="false" isSetter="false">
              <Summary numSequencePoints="12" visitedSequencePoints="12" numBranchPoints="0" visitedBranchPoints="0" sequenceCoverage="100.0" branchCoverage="0" maxCyclomaticComplexity="0" minCyclomaticComplexity="0" maxCrapScore="0" minCrapScore="0" visitedClasses="0" numClasses="0" visitedMethods="1" numMethods="1" />
              <MetadataToken>100663303</MetadataToken>
              <Name>System.Void GameControl::PrintResults()</Name>
              <FileRef uid="2" />
              <SequencePoints>
                <SequencePoint vc="11" uspid="122" ordinal="0" offset="0" sl="204" sc="5" el="204" ec="5" bec="0" bev="0" fileid="2" />
                <SequencePoint vc="11" uspid="123" ordinal="0" offset="1" sl="206" sc="9" el="206" ec="9" bec="0" bev="0" fileid="2" />
                <SequencePoint vc="11" uspid="124" ordinal="0" offset="50" sl="209" sc="9" el="209" ec="9" bec="0" bev="0" fileid="2" />
                <SequencePoint vc="10" uspid="125" ordinal="0" offset="67" sl="210" sc="9" el="210" ec="9" bec="0" bev="0" fileid="2" />
                <SequencePoint vc="10" uspid="126" ordinal="0" offset="68" sl="211" sc="13" el="211" ec="13" bec="0" bev="0" fileid="2" />
                <SequencePoint vc="10" uspid="127" ordinal="0" offset="94" sl="212" sc="9" el="212" ec="9" bec="0" bev="0" fileid="2" />
                <SequencePoint vc="11" uspid="128" ordinal="0" offset="95" sl="214" sc="9" el="214" ec="9" bec="0" bev="0" fileid="2" />
                <SequencePoint vc="11" uspid="129" ordinal="0" offset="128" sl="215" sc="9" el="215" ec="9" bec="0" bev="0" fileid="2" />
                <SequencePoint vc="11" uspid="130" ordinal="0" offset="177" sl="216" sc="9" el="216" ec="9" bec="0" bev="0" fileid="2" />
                <SequencePoint vc="11" uspid="131" ordinal="0" offset="210" sl="217" sc="9" el="217" ec="9" bec="0" bev="0" fileid="2" />
                <SequencePoint vc="11" uspid="132" ordinal="0" offset="253" sl="218" sc="9" el="218" ec="9" bec="0" bev="0" fileid="2" />
                <SequencePoint vc="11" uspid="133" ordinal="0" offset="270" sl="219" sc="5" el="219" ec="5" bec="0" bev="0" fileid="2" />
              </SequencePoints>
              <BranchPoints />
            </Method>
            <Method visited="true" cyclomaticComplexity="0" nPathComplexity="0" sequenceCoverage="100.0" branchCoverage="0" crapScore="0" isConstructor="false" isStatic="false" isGetter="false" isSetter="false">
              <Summary numSequencePoints="10" visitedSequencePoints="10" numBranchPoints="0" visitedBranchPoints="0" sequenceCoverage="100.0" branchCoverage="0" maxCyclomaticComplexity="0" minCyclomaticComplexity="0" maxCrapScore="0" minCrapScore="0" visitedClasses="0" numClasses="0" visitedMethods="1" numMethods="1" />
              <MetadataToken>100663304</MetadataToken>
              <Name>System.Void GameControl::PrintTime()</Name>
              <FileRef uid="2" />
              <SequencePoints>
                <SequencePoint vc="4072" uspid="134" ordinal="0" offset="0" sl="222" sc="5" el="222" ec="5" bec="0" bev="0" fileid="2" />
                <SequencePoint vc="4072" uspid="135" ordinal="0" offset="1" sl="223" sc="9" el="223" ec="9" bec="0" bev="0" fileid="2" />
                <SequencePoint vc="1400" uspid="136" ordinal="0" offset="14" sl="224" sc="9" el="224" ec="9" bec="0" bev="0" fileid="2" />
                <SequencePoint vc="1400" uspid="137" ordinal="0" offset="15" sl="225" sc="13" el="225" ec="13" bec="0" bev="0" fileid="2" />
                <SequencePoint vc="1400" uspid="138" ordinal="0" offset="33" sl="226" sc="13" el="226" ec="13" bec="0" bev="0" fileid="2" />
                <SequencePoint vc="1400" uspid="139" ordinal="0" offset="51" sl="227" sc="9" el="227" ec="9" bec="0" bev="0" fileid="2" />
                <SequencePoint vc="4072" uspid="140" ordinal="0" offset="52" sl="228" sc="9" el="228" ec="9" bec="0" bev="0" fileid="2" />
                <SequencePoint vc="4072" uspid="141" ordinal="0" offset="65" sl="230" sc="9" el="230" ec="9" bec="0" bev="0" fileid="2" />
                <SequencePoint vc="4072" uspid="142" ordinal="0" offset="99" sl="231" sc="9" el="231" ec="9" bec="0" bev="0" fileid="2" />
                <SequencePoint vc="4072" uspid="143" ordinal="0" offset="133" sl="232" sc="5" el="232" ec="5" bec="0" bev="0" fileid="2" />
              </SequencePoints>
              <BranchPoints />
            </Method>
            <Method visited="true" cyclomaticComplexity="0" nPathComplexity="0" sequenceCoverage="100.0" branchCoverage="0" crapScore="0" isConstructor="true" isStatic="false" isGetter="false" isSetter="false">
              <Summary numSequencePoints="3" visitedSequencePoints="3" numBranchPoints="0" visitedBranchPoints="0" sequenceCoverage="100.0" branchCoverage="0" maxCyclomaticComplexity="0" minCyclomaticComplexity="0" maxCrapScore="0" minCrapScore="0" visitedClasses="0" numClasses="0" visitedMethods="1" numMethods="1" />
              <MetadataToken>100663305</MetadataToken>
              <Name>GameControl::GameControl()</Name>
              <FileRef uid="2" />
              <SequencePoints>
                <SequencePoint vc="2" uspid="144" ordinal="0" offset="0" sl="68" sc="5" el="68" ec="5" bec="0" bev="0" fileid="2" />
                <SequencePoint vc="2" uspid="145" ordinal="0" offset="7" sl="69" sc="5" el="69" ec="5" bec="0" bev="0" fileid="2" />
                <SequencePoint vc="2" uspid="146" ordinal="0" offset="14" sl="70" sc="5" el="70" ec="5" bec="0" bev="0" fileid="2" />
              </SequencePoints>
              <BranchPoints />
            </Method>
          </Methods>
        </Class>
        <Class>
          <Summary numSequencePoints="162" visitedSequencePoints="111" numBranchPoints="0" visitedBranchPoints="0" sequenceCoverage="68.52" branchCoverage="0.0" maxCyclomaticComplexity="0" minCyclomaticComplexity="0" maxCrapScore="0" minCrapScore="0" visitedClasses="1" numClasses="1" visitedMethods="9" numMethods="9" />
          <FullName>GameControl_Anticipation</FullName>
          <Methods>
            <Method visited="true" cyclomaticComplexity="0" nPathComplexity="0" sequenceCoverage="100.0" branchCoverage="0" crapScore="0" isConstructor="false" isStatic="false" isGetter="false" isSetter="false">
              <Summary numSequencePoints="16" visitedSequencePoints="16" numBranchPoints="0" visitedBranchPoints="0" sequenceCoverage="100.0" branchCoverage="0" maxCyclomaticComplexity="0" minCyclomaticComplexity="0" maxCrapScore="0" minCrapScore="0" visitedClasses="0" numClasses="0" visitedMethods="1" numMethods="1" />
              <MetadataToken>100663306</MetadataToken>
              <Name>System.Void GameControl_Anticipation::Start()</Name>
              <FileRef uid="3" />
              <SequencePoints>
                <SequencePoint vc="1" uspid="147" ordinal="0" offset="0" sl="91" sc="5" el="91" ec="5" bec="0" bev="0" fileid="3" />
                <SequencePoint vc="1" uspid="148" ordinal="0" offset="1" sl="92" sc="9" el="92" ec="9" bec="0" bev="0" fileid="3" />
                <SequencePoint vc="1" uspid="149" ordinal="0" offset="12" sl="93" sc="9" el="93" ec="9" bec="0" bev="0" fileid="3" />
                <SequencePoint vc="1" uspid="150" ordinal="0" offset="19" sl="94" sc="9" el="94" ec="9" bec="0" bev="0" fileid="3" />
                <SequencePoint vc="1" uspid="151" ordinal="0" offset="30" sl="95" sc="9" el="95" ec="9" bec="0" bev="0" fileid="3" />
                <SequencePoint vc="1" uspid="152" ordinal="0" offset="37" sl="96" sc="9" el="96" ec="9" bec="0" bev="0" fileid="3" />
                <SequencePoint vc="1" uspid="153" ordinal="0" offset="44" sl="98" sc="9" el="98" ec="9" bec="0" bev="0" fileid="3" />
                <SequencePoint vc="1" uspid="154" ordinal="0" offset="51" sl="99" sc="9" el="99" ec="9" bec="0" bev="0" fileid="3" />
                <SequencePoint vc="1" uspid="155" ordinal="0" offset="62" sl="100" sc="9" el="100" ec="9" bec="0" bev="0" fileid="3" />
                <SequencePoint vc="1" uspid="156" ordinal="0" offset="69" sl="101" sc="9" el="101" ec="9" bec="0" bev="0" fileid="3" />
                <SequencePoint vc="1" uspid="157" ordinal="0" offset="76" sl="102" sc="9" el="102" ec="9" bec="0" bev="0" fileid="3" />
                <SequencePoint vc="1" uspid="158" ordinal="0" offset="87" sl="104" sc="9" el="104" ec="9" bec="0" bev="0" fileid="3" />
                <SequencePoint vc="1" uspid="159" ordinal="0" offset="100" sl="105" sc="9" el="105" ec="9" bec="0" bev="0" fileid="3" />
                <SequencePoint vc="1" uspid="160" ordinal="0" offset="113" sl="107" sc="9" el="107" ec="9" bec="0" bev="0" fileid="3" />
                <SequencePoint vc="1" uspid="161" ordinal="0" offset="162" sl="110" sc="9" el="110" ec="9" bec="0" bev="0" fileid="3" />
                <SequencePoint vc="1" uspid="162" ordinal="0" offset="179" sl="111" sc="5" el="111" ec="5" bec="0" bev="0" fileid="3" />
              </SequencePoints>
              <BranchPoints />
            </Method>
            <Method visited="true" cyclomaticComplexity="0" nPathComplexity="0" sequenceCoverage="40.00" branchCoverage="0" crapScore="0" isConstructor="false" isStatic="false" isGetter="false" isSetter="false">
              <Summary numSequencePoints="35" visitedSequencePoints="14" numBranchPoints="0" visitedBranchPoints="0" sequenceCoverage="40.00" branchCoverage="0" maxCyclomaticComplexity="0" minCyclomaticComplexity="0" maxCrapScore="0" minCrapScore="0" visitedClasses="0" numClasses="0" visitedMethods="1" numMethods="1" />
              <MetadataToken>100663307</MetadataToken>
              <Name>System.Void GameControl_Anticipation::Update()</Name>
              <FileRef uid="3" />
              <SequencePoints>
                <SequencePoint vc="2342" uspid="163" ordinal="0" offset="0" sl="115" sc="5" el="115" ec="5" bec="0" bev="0" fileid="3" />
                <SequencePoint vc="2342" uspid="164" ordinal="0" offset="1" sl="116" sc="9" el="116" ec="9" bec="0" bev="0" fileid="3" />
                <SequencePoint vc="1992" uspid="165" ordinal="0" offset="17" sl="117" sc="9" el="117" ec="9" bec="0" bev="0" fileid="3" />
                <SequencePoint vc="1992" uspid="166" ordinal="0" offset="18" sl="118" sc="13" el="118" ec="13" bec="0" bev="0" fileid="3" />
                <SequencePoint vc="1992" uspid="167" ordinal="0" offset="25" sl="120" sc="13" el="120" ec="13" bec="0" bev="0" fileid="3" />
                <SequencePoint vc="1992" uspid="168" ordinal="0" offset="41" sl="121" sc="13" el="121" ec="13" bec="0" bev="0" fileid="3" />
                <SequencePoint vc="1992" uspid="169" ordinal="0" offset="42" sl="122" sc="17" el="122" ec="17" bec="0" bev="0" fileid="3" />
                <SequencePoint vc="1992" uspid="170" ordinal="0" offset="49" sl="123" sc="17" el="123" ec="17" bec="0" bev="0" fileid="3" />
                <SequencePoint vc="1992" uspid="171" ordinal="0" offset="56" sl="124" sc="13" el="124" ec="13" bec="0" bev="0" fileid="3" />
                <SequencePoint vc="1992" uspid="172" ordinal="0" offset="57" sl="125" sc="13" el="125" ec="13" bec="0" bev="0" fileid="3" />
                <SequencePoint vc="0" uspid="173" ordinal="0" offset="75" sl="126" sc="13" el="126" ec="13" bec="0" bev="0" fileid="3" />
                <SequencePoint vc="0" uspid="174" ordinal="0" offset="76" sl="127" sc="17" el="127" ec="17" bec="0" bev="0" fileid="3" />
                <SequencePoint vc="0" uspid="175" ordinal="0" offset="90" sl="128" sc="17" el="128" ec="17" bec="0" bev="0" fileid="3" />
                <SequencePoint vc="0" uspid="176" ordinal="0" offset="109" sl="129" sc="17" el="129" ec="17" bec="0" bev="0" fileid="3" />
                <SequencePoint vc="0" uspid="177" ordinal="0" offset="120" sl="130" sc="17" el="130" ec="17" bec="0" bev="0" fileid="3" />
                <SequencePoint vc="0" uspid="178" ordinal="0" offset="127" sl="131" sc="17" el="131" ec="17" bec="0" bev="0" fileid="3" />
                <SequencePoint vc="0" uspid="179" ordinal="0" offset="134" sl="132" sc="13" el="132" ec="13" bec="0" bev="0" fileid="3" />
                <SequencePoint vc="1992" uspid="180" ordinal="0" offset="135" sl="133" sc="13" el="133" ec="13" bec="0" bev="0" fileid="3" />
                <SequencePoint vc="0" uspid="181" ordinal="0" offset="153" sl="134" sc="13" el="134" ec="13" bec="0" bev="0" fileid="3" />
                <SequencePoint vc="0" uspid="182" ordinal="0" offset="154" sl="135" sc="17" el="135" ec="17" bec="0" bev="0" fileid="3" />
                <SequencePoint vc="0" uspid="183" ordinal="0" offset="161" sl="136" sc="17" el="136" ec="17" bec="0" bev="0" fileid="3" />
                <SequencePoint vc="0" uspid="184" ordinal="0" offset="168" sl="137" sc="17" el="137" ec="17" bec="0" bev="0" fileid="3" />
                <SequencePoint vc="0" uspid="185" ordinal="0" offset="175" sl="138" sc="13" el="138" ec="13" bec="0" bev="0" fileid="3" />
                <SequencePoint vc="1992" uspid="186" ordinal="0" offset="176" sl="139" sc="9" el="139" ec="9" bec="0" bev="0" fileid="3" />
                <SequencePoint vc="350" uspid="187" ordinal="0" offset="179" sl="139" sc="16" el="139" ec="16" bec="0" bev="0" fileid="3" />
                <SequencePoint vc="0" uspid="188" ordinal="0" offset="194" sl="140" sc="9" el="140" ec="9" bec="0" bev="0" fileid="3" />
                <SequencePoint vc="0" uspid="189" ordinal="0" offset="195" sl="141" sc="13" el="141" ec="13" bec="0" bev="0" fileid="3" />
                <SequencePoint vc="0" uspid="190" ordinal="0" offset="208" sl="142" sc="13" el="142" ec="13" bec="0" bev="0" fileid="3" />
                <SequencePoint vc="0" uspid="191" ordinal="0" offset="221" sl="143" sc="13" el="143" ec="13" bec="0" bev="0" fileid="3" />
                <SequencePoint vc="0" uspid="192" ordinal="0" offset="228" sl="144" sc="13" el="144" ec="13" bec="0" bev="0" fileid="3" />
                <SequencePoint vc="0" uspid="193" ordinal="0" offset="235" sl="145" sc="13" el="145" ec="13" bec="0" bev="0" fileid="3" />
                <SequencePoint vc="0" uspid="194" ordinal="0" offset="246" sl="146" sc="13" el="146" ec="13" bec="0" bev="0" fileid="3" />
                <SequencePoint vc="0" uspid="195" ordinal="0" offset="259" sl="147" sc="13" el="147" ec="13" bec="0" bev="0" fileid="3" />
                <SequencePoint vc="0" uspid="196" ordinal="0" offset="266" sl="148" sc="9" el="148" ec="9" bec="0" bev="0" fileid="3" />
                <SequencePoint vc="2342" uspid="197" ordinal="0" offset="267" sl="149" sc="5" el="149" ec="5" bec="0" bev="0" fileid="3" />
              </SequencePoints>
              <BranchPoints />
            </Method>
            <Method visited="true" cyclomaticComplexity="0" nPathComplexity="0" sequenceCoverage="52.63" branchCoverage="0" crapScore="0" isConstructor="false" isStatic="false" isGetter="false" isSetter="false">
              <Summary numSequencePoints="57" visitedSequencePoints="30" numBranchPoints="0" visitedBranchPoints="0" sequenceCoverage="52.63" branchCoverage="0" maxCyclomaticComplexity="0" minCyclomaticComplexity="0" maxCrapScore="0" minCrapScore="0" visitedClasses="0" numClasses="0" visitedMethods="1" numMethods="1" />
              <MetadataToken>100663308</MetadataToken>
              <Name>System.Void GameControl_Anticipation::ShootRay()</Name>
              <FileRef uid="3" />
              <SequencePoints>
                <SequencePoint vc="6" uspid="198" ordinal="0" offset="0" sl="151" sc="5" el="151" ec="5" bec="0" bev="0" fileid="3" />
                <SequencePoint vc="6" uspid="199" ordinal="0" offset="1" sl="152" sc="9" el="152" ec="9" bec="0" bev="0" fileid="3" />
                <SequencePoint vc="6" uspid="200" ordinal="0" offset="28" sl="153" sc="9" el="153" ec="9" bec="0" bev="0" fileid="3" />
                <SequencePoint vc="6" uspid="201" ordinal="0" offset="43" sl="154" sc="9" el="154" ec="9" bec="0" bev="0" fileid="3" />
                <SequencePoint vc="6" uspid="202" ordinal="0" offset="44" sl="155" sc="13" el="155" ec="13" bec="0" bev="0" fileid="3" />
                <SequencePoint vc="6" uspid="203" ordinal="0" offset="62" sl="158" sc="13" el="158" ec="13" bec="0" bev="0" fileid="3" />
                <SequencePoint vc="1" uspid="204" ordinal="0" offset="78" sl="159" sc="13" el="159" ec="13" bec="0" bev="0" fileid="3" />
                <SequencePoint vc="1" uspid="205" ordinal="0" offset="79" sl="160" sc="17" el="160" ec="17" bec="0" bev="0" fileid="3" />
                <SequencePoint vc="1" uspid="206" ordinal="0" offset="93" sl="161" sc="17" el="161" ec="17" bec="0" bev="0" fileid="3" />
                <SequencePoint vc="1" uspid="207" ordinal="0" offset="113" sl="162" sc="17" el="162" ec="17" bec="0" bev="0" fileid="3" />
                <SequencePoint vc="1" uspid="208" ordinal="0" offset="114" sl="163" sc="21" el="163" ec="21" bec="0" bev="0" fileid="3" />
                <SequencePoint vc="1" uspid="209" ordinal="0" offset="126" sl="164" sc="17" el="164" ec="17" bec="0" bev="0" fileid="3" />
                <SequencePoint vc="1" uspid="210" ordinal="0" offset="127" sl="165" sc="17" el="165" ec="17" bec="0" bev="0" fileid="3" />
                <SequencePoint vc="1" uspid="211" ordinal="0" offset="142" sl="166" sc="17" el="166" ec="17" bec="0" bev="0" fileid="3" />
                <SequencePoint vc="1" uspid="212" ordinal="0" offset="143" sl="167" sc="21" el="167" ec="21" bec="0" bev="0" fileid="3" />
                <SequencePoint vc="1" uspid="213" ordinal="0" offset="150" sl="168" sc="21" el="168" ec="21" bec="0" bev="0" fileid="3" />
                <SequencePoint vc="1" uspid="214" ordinal="0" offset="164" sl="169" sc="21" el="169" ec="21" bec="0" bev="0" fileid="3" />
                <SequencePoint vc="1" uspid="215" ordinal="0" offset="171" sl="170" sc="21" el="170" ec="21" bec="0" bev="0" fileid="3" />
                <SequencePoint vc="1" uspid="216" ordinal="0" offset="178" sl="171" sc="17" el="171" ec="17" bec="0" bev="0" fileid="3" />
                <SequencePoint vc="0" uspid="217" ordinal="0" offset="184" sl="172" sc="22" el="172" ec="22" bec="0" bev="0" fileid="3" />
                <SequencePoint vc="0" uspid="218" ordinal="0" offset="202" sl="173" sc="17" el="173" ec="17" bec="0" bev="0" fileid="3" />
                <SequencePoint vc="0" uspid="219" ordinal="0" offset="203" sl="174" sc="21" el="174" ec="21" bec="0" bev="0" fileid="3" />
                <SequencePoint vc="0" uspid="220" ordinal="0" offset="206" sl="175" sc="21" el="175" ec="21" bec="0" bev="0" fileid="3" />
                <SequencePoint vc="0" uspid="221" ordinal="0" offset="234" sl="176" sc="21" el="176" ec="21" bec="0" bev="0" fileid="3" />
                <SequencePoint vc="0" uspid="222" ordinal="0" offset="235" sl="177" sc="25" el="177" ec="25" bec="0" bev="0" fileid="3" />
                <SequencePoint vc="0" uspid="223" ordinal="0" offset="254" sl="178" sc="25" el="178" ec="25" bec="0" bev="0" fileid="3" />
                <SequencePoint vc="0" uspid="224" ordinal="0" offset="277" sl="179" sc="25" el="179" ec="25" bec="0" bev="0" fileid="3" />
                <SequencePoint vc="0" uspid="225" ordinal="0" offset="278" sl="180" sc="29" el="180" ec="29" bec="0" bev="0" fileid="3" />
                <SequencePoint vc="0" uspid="226" ordinal="0" offset="297" sl="181" sc="29" el="181" ec="29" bec="0" bev="0" fileid="3" />
                <SequencePoint vc="0" uspid="227" ordinal="0" offset="312" sl="182" sc="29" el="182" ec="29" bec="0" bev="0" fileid="3" />
                <SequencePoint vc="0" uspid="228" ordinal="0" offset="326" sl="183" sc="29" el="183" ec="29" bec="0" bev="0" fileid="3" />
                <SequencePoint vc="0" uspid="229" ordinal="0" offset="340" sl="184" sc="29" el="184" ec="29" bec="0" bev="0" fileid="3" />
                <SequencePoint vc="0" uspid="230" ordinal="0" offset="360" sl="185" sc="29" el="185" ec="29" bec="0" bev="0" fileid="3" />
                <SequencePoint vc="0" uspid="231" ordinal="0" offset="361" sl="186" sc="33" el="186" ec="33" bec="0" bev="0" fileid="3" />
                <SequencePoint vc="0" uspid="232" ordinal="0" offset="379" sl="187" sc="33" el="187" ec="33" bec="0" bev="0" fileid="3" />
                <SequencePoint vc="0" uspid="233" ordinal="0" offset="386" sl="188" sc="33" el="188" ec="33" bec="0" bev="0" fileid="3" />
                <SequencePoint vc="0" uspid="234" ordinal="0" offset="393" sl="189" sc="33" el="189" ec="33" bec="0" bev="0" fileid="3" />
                <SequencePoint vc="0" uspid="235" ordinal="0" offset="400" sl="190" sc="29" el="190" ec="29" bec="0" bev="0" fileid="3" />
                <SequencePoint vc="0" uspid="236" ordinal="0" offset="403" sl="192" sc="29" el="192" ec="29" bec="0" bev="0" fileid="3" />
                <SequencePoint vc="0" uspid="237" ordinal="0" offset="404" sl="193" sc="33" el="193" ec="33" bec="0" bev="0" fileid="3" />
                <SequencePoint vc="0" uspid="238" ordinal="0" offset="422" sl="194" sc="33" el="194" ec="33" bec="0" bev="0" fileid="3" />
                <SequencePoint vc="0" uspid="239" ordinal="0" offset="429" sl="195" sc="29" el="195" ec="29" bec="0" bev="0" fileid="3" />
                <SequencePoint vc="0" uspid="240" ordinal="0" offset="430" sl="196" sc="25" el="196" ec="25" bec="0" bev="0" fileid="3" />
                <SequencePoint vc="0" uspid="241" ordinal="0" offset="431" sl="197" sc="25" el="197" ec="25" bec="0" bev="0" fileid="3" />
                <SequencePoint vc="0" uspid="242" ordinal="0" offset="442" sl="198" sc="21" el="198" ec="21" bec="0" bev="0" fileid="3" />
                <SequencePoint vc="0" uspid="243" ordinal="0" offset="443" sl="199" sc="17" el="199" ec="17" bec="0" bev="0" fileid="3" />
                <SequencePoint vc="1" uspid="244" ordinal="0" offset="444" sl="200" sc="13" el="200" ec="13" bec="0" bev="0" fileid="3" />
                <SequencePoint vc="5" uspid="245" ordinal="0" offset="447" sl="202" sc="13" el="202" ec="13" bec="0" bev="0" fileid="3" />
                <SequencePoint vc="5" uspid="246" ordinal="0" offset="448" sl="203" sc="17" el="203" ec="17" bec="0" bev="0" fileid="3" />
                <SequencePoint vc="5" uspid="247" ordinal="0" offset="455" sl="204" sc="13" el="204" ec="13" bec="0" bev="0" fileid="3" />
                <SequencePoint vc="6" uspid="248" ordinal="0" offset="456" sl="205" sc="9" el="205" ec="9" bec="0" bev="0" fileid="3" />
                <SequencePoint vc="6" uspid="249" ordinal="0" offset="457" sl="206" sc="9" el="206" ec="9" bec="0" bev="0" fileid="3" />
                <SequencePoint vc="5" uspid="250" ordinal="0" offset="472" sl="207" sc="9" el="207" ec="9" bec="0" bev="0" fileid="3" />
                <SequencePoint vc="5" uspid="251" ordinal="0" offset="473" sl="208" sc="13" el="208" ec="13" bec="0" bev="0" fileid="3" />
                <SequencePoint vc="5" uspid="252" ordinal="0" offset="491" sl="209" sc="9" el="209" ec="9" bec="0" bev="0" fileid="3" />
                <SequencePoint vc="6" uspid="253" ordinal="0" offset="492" sl="210" sc="9" el="210" ec="9" bec="0" bev="0" fileid="3" />
                <SequencePoint vc="6" uspid="254" ordinal="0" offset="499" sl="211" sc="5" el="211" ec="5" bec="0" bev="0" fileid="3" />
              </SequencePoints>
              <BranchPoints />
            </Method>
            <Method visited="true" cyclomaticComplexity="0" nPathComplexity="0" sequenceCoverage="100.0" branchCoverage="0" crapScore="0" isConstructor="false" isStatic="false" isGetter="false" isSetter="false">
              <Summary numSequencePoints="12" visitedSequencePoints="12" numBranchPoints="0" visitedBranchPoints="0" sequenceCoverage="100.0" branchCoverage="0" maxCyclomaticComplexity="0" minCyclomaticComplexity="0" maxCrapScore="0" minCrapScore="0" visitedClasses="0" numClasses="0" visitedMethods="1" numMethods="1" />
              <MetadataToken>100663309</MetadataToken>
              <Name>System.Void GameControl_Anticipation::PrintResults()</Name>
              <FileRef uid="3" />
              <SequencePoints>
                <SequencePoint vc="6" uspid="255" ordinal="0" offset="0" sl="214" sc="5" el="214" ec="5" bec="0" bev="0" fileid="3" />
                <SequencePoint vc="6" uspid="256" ordinal="0" offset="1" sl="216" sc="9" el="216" ec="9" bec="0" bev="0" fileid="3" />
                <SequencePoint vc="6" uspid="257" ordinal="0" offset="50" sl="219" sc="9" el="219" ec="9" bec="0" bev="0" fileid="3" />
                <SequencePoint vc="5" uspid="258" ordinal="0" offset="67" sl="220" sc="9" el="220" ec="9" bec="0" bev="0" fileid="3" />
                <SequencePoint vc="5" uspid="259" ordinal="0" offset="68" sl="221" sc="13" el="221" ec="13" bec="0" bev="0" fileid="3" />
                <SequencePoint vc="5" uspid="260" ordinal="0" offset="94" sl="222" sc="9" el="222" ec="9" bec="0" bev="0" fileid="3" />
                <SequencePoint vc="6" uspid="261" ordinal="0" offset="95" sl="223" sc="9" el="223" ec="9" bec="0" bev="0" fileid="3" />
                <SequencePoint vc="6" uspid="262" ordinal="0" offset="128" sl="224" sc="9" el="224" ec="9" bec="0" bev="0" fileid="3" />
                <SequencePoint vc="6" uspid="263" ordinal="0" offset="177" sl="225" sc="9" el="225" ec="9" bec="0" bev="0" fileid="3" />
                <SequencePoint vc="6" uspid="264" ordinal="0" offset="210" sl="226" sc="9" el="226" ec="9" bec="0" bev="0" fileid="3" />
                <SequencePoint vc="6" uspid="265" ordinal="0" offset="253" sl="227" sc="9" el="227" ec="9" bec="0" bev="0" fileid="3" />
                <SequencePoint vc="6" uspid="266" ordinal="0" offset="270" sl="228" sc="5" el="228" ec="5" bec="0" bev="0" fileid="3" />
              </SequencePoints>
              <BranchPoints />
            </Method>
            <Method visited="true" cyclomaticComplexity="0" nPathComplexity="0" sequenceCoverage="100.0" branchCoverage="0" crapScore="0" isConstructor="false" isStatic="false" isGetter="false" isSetter="false">
              <Summary numSequencePoints="12" visitedSequencePoints="12" numBranchPoints="0" visitedBranchPoints="0" sequenceCoverage="100.0" branchCoverage="0" maxCyclomaticComplexity="0" minCyclomaticComplexity="0" maxCrapScore="0" minCrapScore="0" visitedClasses="0" numClasses="0" visitedMethods="1" numMethods="1" />
              <MetadataToken>100663310</MetadataToken>
              <Name>System.Void GameControl_Anticipation::PrintTime()</Name>
              <FileRef uid="3" />
              <SequencePoints>
                <SequencePoint vc="1992" uspid="267" ordinal="0" offset="0" sl="231" sc="5" el="231" ec="5" bec="0" bev="0" fileid="3" />
                <SequencePoint vc="1992" uspid="268" ordinal="0" offset="1" sl="232" sc="9" el="232" ec="9" bec="0" bev="0" fileid="3" />
                <SequencePoint vc="1645" uspid="269" ordinal="0" offset="26" sl="233" sc="9" el="233" ec="9" bec="0" bev="0" fileid="3" />
                <SequencePoint vc="1645" uspid="270" ordinal="0" offset="27" sl="234" sc="13" el="234" ec="13" bec="0" bev="0" fileid="3" />
                <SequencePoint vc="1645" uspid="271" ordinal="0" offset="45" sl="235" sc="9" el="235" ec="9" bec="0" bev="0" fileid="3" />
                <SequencePoint vc="1992" uspid="272" ordinal="0" offset="46" sl="236" sc="9" el="236" ec="9" bec="0" bev="0" fileid="3" />
                <SequencePoint vc="764" uspid="273" ordinal="0" offset="59" sl="237" sc="9" el="237" ec="9" bec="0" bev="0" fileid="3" />
                <SequencePoint vc="764" uspid="274" ordinal="0" offset="60" sl="238" sc="13" el="238" ec="13" bec="0" bev="0" fileid="3" />
                <SequencePoint vc="764" uspid="275" ordinal="0" offset="78" sl="239" sc="9" el="239" ec="9" bec="0" bev="0" fileid="3" />
                <SequencePoint vc="1992" uspid="276" ordinal="0" offset="79" sl="241" sc="9" el="241" ec="9" bec="0" bev="0" fileid="3" />
                <SequencePoint vc="1992" uspid="277" ordinal="0" offset="92" sl="243" sc="9" el="243" ec="9" bec="0" bev="0" fileid="3" />
                <SequencePoint vc="1992" uspid="278" ordinal="0" offset="126" sl="244" sc="5" el="244" ec="5" bec="0" bev="0" fileid="3" />
              </SequencePoints>
              <BranchPoints />
            </Method>
            <Method visited="true" cyclomaticComplexity="0" nPathComplexity="0" sequenceCoverage="100.0" branchCoverage="0" crapScore="0" isConstructor="false" isStatic="false" isGetter="false" isSetter="false">
              <Summary numSequencePoints="10" visitedSequencePoints="10" numBranchPoints="0" visitedBranchPoints="0" sequenceCoverage="100.0" branchCoverage="0" maxCyclomaticComplexity="0" minCyclomaticComplexity="0" maxCrapScore="0" minCrapScore="0" visitedClasses="0" numClasses="0" visitedMethods="1" numMethods="1" />
              <MetadataToken>100663311</MetadataToken>
              <Name>System.Void GameControl_Anticipation::SpawnRandomPath()</Name>
              <FileRef uid="3" />
              <SequencePoints>
                <SequencePoint vc="1" uspid="279" ordinal="0" offset="0" sl="247" sc="5" el="247" ec="5" bec="0" bev="0" fileid="3" />
                <SequencePoint vc="1" uspid="280" ordinal="0" offset="1" sl="248" sc="9" el="248" ec="9" bec="0" bev="0" fileid="3" />
                <SequencePoint vc="1" uspid="281" ordinal="0" offset="8" sl="249" sc="9" el="249" ec="9" bec="0" bev="0" fileid="3" />
                <SequencePoint vc="1" uspid="282" ordinal="0" offset="14" sl="250" sc="9" el="250" ec="9" bec="0" bev="0" fileid="3" />
                <SequencePoint vc="1" uspid="283" ordinal="0" offset="30" sl="251" sc="9" el="251" ec="9" bec="0" bev="0" fileid="3" />
                <SequencePoint vc="1" uspid="284" ordinal="0" offset="39" sl="252" sc="9" el="252" ec="9" bec="0" bev="0" fileid="3" />
                <SequencePoint vc="1" uspid="285" ordinal="0" offset="68" sl="253" sc="9" el="253" ec="9" bec="0" bev="0" fileid="3" />
                <SequencePoint vc="1" uspid="286" ordinal="0" offset="81" sl="255" sc="9" el="255" ec="9" bec="0" bev="0" fileid="3" />
                <SequencePoint vc="1" uspid="287" ordinal="0" offset="89" sl="256" sc="9" el="256" ec="9" bec="0" bev="0" fileid="3" />
                <SequencePoint vc="1" uspid="288" ordinal="0" offset="107" sl="257" sc="5" el="257" ec="5" bec="0" bev="0" fileid="3" />
              </SequencePoints>
              <BranchPoints />
            </Method>
            <Method visited="true" cyclomaticComplexity="0" nPathComplexity="0" sequenceCoverage="62.50" branchCoverage="0" crapScore="0" isConstructor="false" isStatic="false" isGetter="false" isSetter="false">
              <Summary numSequencePoints="8" visitedSequencePoints="5" numBranchPoints="0" visitedBranchPoints="0" sequenceCoverage="62.50" branchCoverage="0" maxCyclomaticComplexity="0" minCyclomaticComplexity="0" maxCrapScore="0" minCrapScore="0" visitedClasses="0" numClasses="0" visitedMethods="1" numMethods="1" />
              <MetadataToken>100663312</MetadataToken>
              <Name>System.Void GameControl_Anticipation::DestroyClone()</Name>
              <FileRef uid="3" />
              <SequencePoints>
                <SequencePoint vc="1" uspid="289" ordinal="0" offset="0" sl="260" sc="5" el="260" ec="5" bec="0" bev="0" fileid="3" />
                <SequencePoint vc="1" uspid="290" ordinal="0" offset="1" sl="261" sc="9" el="261" ec="9" bec="0" bev="0" fileid="3" />
                <SequencePoint vc="1" uspid="291" ordinal="0" offset="7" sl="262" sc="9" el="262" ec="9" bec="0" bev="0" fileid="3" />
                <SequencePoint vc="1" uspid="292" ordinal="0" offset="14" sl="263" sc="9" el="263" ec="9" bec="0" bev="0" fileid="3" />
                <SequencePoint vc="0" uspid="293" ordinal="0" offset="24" sl="264" sc="9" el="264" ec="9" bec="0" bev="0" fileid="3" />
                <SequencePoint vc="0" uspid="294" ordinal="0" offset="25" sl="265" sc="13" el="265" ec="13" bec="0" bev="0" fileid="3" />
                <SequencePoint vc="0" uspid="295" ordinal="0" offset="37" sl="266" sc="9" el="266" ec="9" bec="0" bev="0" fileid="3" />
                <SequencePoint vc="1" uspid="296" ordinal="0" offset="38" sl="267" sc="5" el="267" ec="5" bec="0" bev="0" fileid="3" />
              </SequencePoints>
              <BranchPoints />
            </Method>
            <Method visited="true" cyclomaticComplexity="0" nPathComplexity="0" sequenceCoverage="100.0" branchCoverage="0" crapScore="0" isConstructor="false" isStatic="false" isGetter="false" isSetter="false">
              <Summary numSequencePoints="8" visitedSequencePoints="8" numBranchPoints="0" visitedBranchPoints="0" sequenceCoverage="100.0" branchCoverage="0" maxCyclomaticComplexity="0" minCyclomaticComplexity="0" maxCrapScore="0" minCrapScore="0" visitedClasses="0" numClasses="0" visitedMethods="1" numMethods="1" />
              <MetadataToken>100663313</MetadataToken>
              <Name>System.Void GameControl_Anticipation::DestroyTrigger()</Name>
              <FileRef uid="3" />
              <SequencePoints>
                <SequencePoint vc="1" uspid="297" ordinal="0" offset="0" sl="269" sc="5" el="269" ec="5" bec="0" bev="0" fileid="3" />
                <SequencePoint vc="1" uspid="298" ordinal="0" offset="1" sl="270" sc="9" el="270" ec="9" bec="0" bev="0" fileid="3" />
                <SequencePoint vc="1" uspid="299" ordinal="0" offset="7" sl="271" sc="9" el="271" ec="9" bec="0" bev="0" fileid="3" />
                <SequencePoint vc="1" uspid="300" ordinal="0" offset="14" sl="272" sc="9" el="272" ec="9" bec="0" bev="0" fileid="3" />
                <SequencePoint vc="1" uspid="301" ordinal="0" offset="24" sl="273" sc="9" el="273" ec="9" bec="0" bev="0" fileid="3" />
                <SequencePoint vc="1" uspid="302" ordinal="0" offset="25" sl="274" sc="13" el="274" ec="13" bec="0" bev="0" fileid="3" />
                <SequencePoint vc="1" uspid="303" ordinal="0" offset="37" sl="275" sc="9" el="275" ec="9" bec="0" bev="0" fileid="3" />
                <SequencePoint vc="1" uspid="304" ordinal="0" offset="38" sl="276" sc="5" el="276" ec="5" bec="0" bev="0" fileid="3" />
              </SequencePoints>
              <BranchPoints />
            </Method>
            <Method visited="true" cyclomaticComplexity="0" nPathComplexity="0" sequenceCoverage="100.0" branchCoverage="0" crapScore="0" isConstructor="true" isStatic="false" isGetter="false" isSetter="false">
              <Summary numSequencePoints="4" visitedSequencePoints="4" numBranchPoints="0" visitedBranchPoints="0" sequenceCoverage="100.0" branchCoverage="0" maxCyclomaticComplexity="0" minCyclomaticComplexity="0" maxCrapScore="0" minCrapScore="0" visitedClasses="0" numClasses="0" visitedMethods="1" numMethods="1" />
              <MetadataToken>100663314</MetadataToken>
              <Name>GameControl_Anticipation::GameControl_Anticipation()</Name>
              <FileRef uid="3" />
              <SequencePoints>
                <SequencePoint vc="1" uspid="305" ordinal="0" offset="0" sl="84" sc="5" el="84" ec="5" bec="0" bev="0" fileid="3" />
                <SequencePoint vc="1" uspid="306" ordinal="0" offset="7" sl="85" sc="5" el="85" ec="5" bec="0" bev="0" fileid="3" />
                <SequencePoint vc="1" uspid="307" ordinal="0" offset="14" sl="86" sc="5" el="86" ec="5" bec="0" bev="0" fileid="3" />
                <SequencePoint vc="1" uspid="308" ordinal="0" offset="21" sl="87" sc="5" el="87" ec="5" bec="0" bev="0" fileid="3" />
              </SequencePoints>
              <BranchPoints />
            </Method>
          </Methods>
        </Class>
        <Class>
          <Summary numSequencePoints="123" visitedSequencePoints="84" numBranchPoints="0" visitedBranchPoints="0" sequenceCoverage="68.29" branchCoverage="0.0" maxCyclomaticComplexity="0" minCyclomaticComplexity="0" maxCrapScore="0" minCrapScore="0" visitedClasses="1" numClasses="1" visitedMethods="6" numMethods="6" />
          <FullName>GameControl_Moving</FullName>
          <Methods>
            <Method visited="true" cyclomaticComplexity="0" nPathComplexity="0" sequenceCoverage="100.0" branchCoverage="0" crapScore="0" isConstructor="false" isStatic="false" isGetter="false" isSetter="false">
              <Summary numSequencePoints="15" visitedSequencePoints="15" numBranchPoints="0" visitedBranchPoints="0" sequenceCoverage="100.0" branchCoverage="0" maxCyclomaticComplexity="0" minCyclomaticComplexity="0" maxCrapScore="0" minCrapScore="0" visitedClasses="0" numClasses="0" visitedMethods="1" numMethods="1" />
              <MetadataToken>100663315</MetadataToken>
              <Name>System.Void GameControl_Moving::Start()</Name>
              <FileRef uid="4" />
              <SequencePoints>
                <SequencePoint vc="1" uspid="309" ordinal="0" offset="0" sl="73" sc="5" el="73" ec="5" bec="0" bev="0" fileid="4" />
                <SequencePoint vc="1" uspid="310" ordinal="0" offset="1" sl="74" sc="9" el="74" ec="9" bec="0" bev="0" fileid="4" />
                <SequencePoint vc="1" uspid="311" ordinal="0" offset="12" sl="75" sc="9" el="75" ec="9" bec="0" bev="0" fileid="4" />
                <SequencePoint vc="1" uspid="312" ordinal="0" offset="23" sl="76" sc="9" el="76" ec="9" bec="0" bev="0" fileid="4" />
                <SequencePoint vc="1" uspid="313" ordinal="0" offset="30" sl="77" sc="9" el="77" ec="9" bec="0" bev="0" fileid="4" />
                <SequencePoint vc="1" uspid="314" ordinal="0" offset="37" sl="78" sc="9" el="78" ec="9" bec="0" bev="0" fileid="4" />
                <SequencePoint vc="1" uspid="315" ordinal="0" offset="44" sl="80" sc="9" el="80" ec="9" bec="0" bev="0" fileid="4" />
                <SequencePoint vc="1" uspid="316" ordinal="0" offset="51" sl="81" sc="9" el="81" ec="9" bec="0" bev="0" fileid="4" />
                <SequencePoint vc="1" uspid="317" ordinal="0" offset="62" sl="82" sc="9" el="82" ec="9" bec="0" bev="0" fileid="4" />
                <SequencePoint vc="1" uspid="318" ordinal="0" offset="69" sl="83" sc="9" el="83" ec="9" bec="0" bev="0" fileid="4" />
                <SequencePoint vc="1" uspid="319" ordinal="0" offset="80" sl="85" sc="9" el="85" ec="9" bec="0" bev="0" fileid="4" />
                <SequencePoint vc="1" uspid="320" ordinal="0" offset="93" sl="86" sc="9" el="86" ec="9" bec="0" bev="0" fileid="4" />
                <SequencePoint vc="1" uspid="321" ordinal="0" offset="106" sl="88" sc="9" el="88" ec="9" bec="0" bev="0" fileid="4" />
                <SequencePoint vc="1" uspid="322" ordinal="0" offset="155" sl="91" sc="9" el="91" ec="9" bec="0" bev="0" fileid="4" />
                <SequencePoint vc="1" uspid="323" ordinal="0" offset="172" sl="92" sc="5" el="92" ec="5" bec="0" bev="0" fileid="4" />
              </SequencePoints>
              <BranchPoints />
            </Method>
            <Method visited="true" cyclomaticComplexity="0" nPathComplexity="0" sequenceCoverage="59.38" branchCoverage="0" crapScore="0" isConstructor="false" isStatic="false" isGetter="false" isSetter="false">
              <Summary numSequencePoints="32" visitedSequencePoints="19" numBranchPoints="0" visitedBranchPoints="0" sequenceCoverage="59.38" branchCoverage="0" maxCyclomaticComplexity="0" minCyclomaticComplexity="0" maxCrapScore="0" minCrapScore="0" visitedClasses="0" numClasses="0" visitedMethods="1" numMethods="1" />
              <MetadataToken>100663316</MetadataToken>
              <Name>System.Void GameControl_Moving::Update()</Name>
              <FileRef uid="4" />
              <SequencePoints>
                <SequencePoint vc="1997" uspid="324" ordinal="0" offset="0" sl="96" sc="5" el="96" ec="5" bec="0" bev="0" fileid="4" />
                <SequencePoint vc="1997" uspid="325" ordinal="0" offset="1" sl="97" sc="9" el="97" ec="9" bec="0" bev="0" fileid="4" />
                <SequencePoint vc="1629" uspid="326" ordinal="0" offset="17" sl="98" sc="9" el="98" ec="9" bec="0" bev="0" fileid="4" />
                <SequencePoint vc="1629" uspid="327" ordinal="0" offset="18" sl="99" sc="13" el="99" ec="13" bec="0" bev="0" fileid="4" />
                <SequencePoint vc="0" uspid="328" ordinal="0" offset="39" sl="100" sc="13" el="100" ec="13" bec="0" bev="0" fileid="4" />
                <SequencePoint vc="0" uspid="329" ordinal="0" offset="40" sl="101" sc="17" el="101" ec="17" bec="0" bev="0" fileid="4" />
                <SequencePoint vc="0" uspid="330" ordinal="0" offset="47" sl="102" sc="17" el="102" ec="17" bec="0" bev="0" fileid="4" />
                <SequencePoint vc="0" uspid="331" ordinal="0" offset="54" sl="103" sc="13" el="103" ec="13" bec="0" bev="0" fileid="4" />
                <SequencePoint vc="1629" uspid="332" ordinal="0" offset="55" sl="104" sc="13" el="104" ec="13" bec="0" bev="0" fileid="4" />
                <SequencePoint vc="1629" uspid="333" ordinal="0" offset="62" sl="111" sc="13" el="111" ec="13" bec="0" bev="0" fileid="4" />
                <SequencePoint vc="1" uspid="334" ordinal="0" offset="80" sl="112" sc="13" el="112" ec="13" bec="0" bev="0" fileid="4" />
                <SequencePoint vc="1" uspid="335" ordinal="0" offset="81" sl="113" sc="17" el="113" ec="17" bec="0" bev="0" fileid="4" />
                <SequencePoint vc="1" uspid="336" ordinal="0" offset="95" sl="114" sc="17" el="114" ec="17" bec="0" bev="0" fileid="4" />
                <SequencePoint vc="1" uspid="337" ordinal="0" offset="106" sl="115" sc="17" el="115" ec="17" bec="0" bev="0" fileid="4" />
                <SequencePoint vc="1" uspid="338" ordinal="0" offset="138" sl="116" sc="13" el="116" ec="13" bec="0" bev="0" fileid="4" />
                <SequencePoint vc="1629" uspid="339" ordinal="0" offset="139" sl="117" sc="13" el="117" ec="13" bec="0" bev="0" fileid="4" />
                <SequencePoint vc="1629" uspid="340" ordinal="0" offset="155" sl="118" sc="13" el="118" ec="13" bec="0" bev="0" fileid="4" />
                <SequencePoint vc="1629" uspid="341" ordinal="0" offset="156" sl="119" sc="17" el="119" ec="17" bec="0" bev="0" fileid="4" />
                <SequencePoint vc="1629" uspid="342" ordinal="0" offset="163" sl="120" sc="17" el="120" ec="17" bec="0" bev="0" fileid="4" />
                <SequencePoint vc="1629" uspid="343" ordinal="0" offset="170" sl="121" sc="13" el="121" ec="13" bec="0" bev="0" fileid="4" />
                <SequencePoint vc="1629" uspid="344" ordinal="0" offset="171" sl="122" sc="9" el="122" ec="9" bec="0" bev="0" fileid="4" />
                <SequencePoint vc="368" uspid="345" ordinal="0" offset="174" sl="122" sc="16" el="122" ec="16" bec="0" bev="0" fileid="4" />
                <SequencePoint vc="0" uspid="346" ordinal="0" offset="189" sl="123" sc="9" el="123" ec="9" bec="0" bev="0" fileid="4" />
                <SequencePoint vc="0" uspid="347" ordinal="0" offset="190" sl="124" sc="13" el="124" ec="13" bec="0" bev="0" fileid="4" />
                <SequencePoint vc="0" uspid="348" ordinal="0" offset="203" sl="125" sc="13" el="125" ec="13" bec="0" bev="0" fileid="4" />
                <SequencePoint vc="0" uspid="349" ordinal="0" offset="216" sl="126" sc="13" el="126" ec="13" bec="0" bev="0" fileid="4" />
                <SequencePoint vc="0" uspid="350" ordinal="0" offset="223" sl="127" sc="13" el="127" ec="13" bec="0" bev="0" fileid="4" />
                <SequencePoint vc="0" uspid="351" ordinal="0" offset="230" sl="128" sc="13" el="128" ec="13" bec="0" bev="0" fileid="4" />
                <SequencePoint vc="0" uspid="352" ordinal="0" offset="241" sl="129" sc="13" el="129" ec="13" bec="0" bev="0" fileid="4" />
                <SequencePoint vc="0" uspid="353" ordinal="0" offset="254" sl="130" sc="13" el="130" ec="13" bec="0" bev="0" fileid="4" />
                <SequencePoint vc="0" uspid="354" ordinal="0" offset="261" sl="131" sc="9" el="131" ec="9" bec="0" bev="0" fileid="4" />
                <SequencePoint vc="1997" uspid="355" ordinal="0" offset="262" sl="132" sc="5" el="132" ec="5" bec="0" bev="0" fileid="4" />
              </SequencePoints>
              <BranchPoints />
            </Method>
            <Method visited="true" cyclomaticComplexity="0" nPathComplexity="0" sequenceCoverage="54.90" branchCoverage="0" crapScore="0" isConstructor="false" isStatic="false" isGetter="false" isSetter="false">
              <Summary numSequencePoints="51" visitedSequencePoints="28" numBranchPoints="0" visitedBranchPoints="0" sequenceCoverage="54.90" branchCoverage="0" maxCyclomaticComplexity="0" minCyclomaticComplexity="0" maxCrapScore="0" minCrapScore="0" visitedClasses="0" numClasses="0" visitedMethods="1" numMethods="1" />
              <MetadataToken>100663317</MetadataToken>
              <Name>System.Void GameControl_Moving::ShootRay()</Name>
              <FileRef uid="4" />
              <SequencePoints>
                <SequencePoint vc="1" uspid="356" ordinal="0" offset="0" sl="135" sc="5" el="135" ec="5" bec="0" bev="0" fileid="4" />
                <SequencePoint vc="1" uspid="357" ordinal="0" offset="1" sl="136" sc="9" el="136" ec="9" bec="0" bev="0" fileid="4" />
                <SequencePoint vc="1" uspid="358" ordinal="0" offset="28" sl="137" sc="9" el="137" ec="9" bec="0" bev="0" fileid="4" />
                <SequencePoint vc="1" uspid="359" ordinal="0" offset="43" sl="138" sc="9" el="138" ec="9" bec="0" bev="0" fileid="4" />
                <SequencePoint vc="1" uspid="360" ordinal="0" offset="44" sl="139" sc="13" el="139" ec="13" bec="0" bev="0" fileid="4" />
                <SequencePoint vc="1" uspid="361" ordinal="0" offset="62" sl="142" sc="13" el="142" ec="13" bec="0" bev="0" fileid="4" />
                <SequencePoint vc="1" uspid="362" ordinal="0" offset="78" sl="143" sc="13" el="143" ec="13" bec="0" bev="0" fileid="4" />
                <SequencePoint vc="1" uspid="363" ordinal="0" offset="79" sl="144" sc="17" el="144" ec="17" bec="0" bev="0" fileid="4" />
                <SequencePoint vc="1" uspid="364" ordinal="0" offset="93" sl="145" sc="17" el="145" ec="17" bec="0" bev="0" fileid="4" />
                <SequencePoint vc="1" uspid="365" ordinal="0" offset="113" sl="146" sc="17" el="146" ec="17" bec="0" bev="0" fileid="4" />
                <SequencePoint vc="1" uspid="366" ordinal="0" offset="114" sl="147" sc="21" el="147" ec="21" bec="0" bev="0" fileid="4" />
                <SequencePoint vc="1" uspid="367" ordinal="0" offset="126" sl="148" sc="17" el="148" ec="17" bec="0" bev="0" fileid="4" />
                <SequencePoint vc="1" uspid="368" ordinal="0" offset="127" sl="149" sc="17" el="149" ec="17" bec="0" bev="0" fileid="4" />
                <SequencePoint vc="1" uspid="369" ordinal="0" offset="142" sl="150" sc="17" el="150" ec="17" bec="0" bev="0" fileid="4" />
                <SequencePoint vc="1" uspid="370" ordinal="0" offset="143" sl="151" sc="21" el="151" ec="21" bec="0" bev="0" fileid="4" />
                <SequencePoint vc="1" uspid="371" ordinal="0" offset="150" sl="152" sc="21" el="152" ec="21" bec="0" bev="0" fileid="4" />
                <SequencePoint vc="1" uspid="372" ordinal="0" offset="157" sl="153" sc="21" el="153" ec="21" bec="0" bev="0" fileid="4" />
                <SequencePoint vc="1" uspid="373" ordinal="0" offset="171" sl="154" sc="21" el="154" ec="21" bec="0" bev="0" fileid="4" />
                <SequencePoint vc="1" uspid="374" ordinal="0" offset="182" sl="158" sc="21" el="158" ec="21" bec="0" bev="0" fileid="4" />
                <SequencePoint vc="1" uspid="375" ordinal="0" offset="200" sl="159" sc="17" el="159" ec="17" bec="0" bev="0" fileid="4" />
                <SequencePoint vc="0" uspid="376" ordinal="0" offset="206" sl="160" sc="22" el="160" ec="22" bec="0" bev="0" fileid="4" />
                <SequencePoint vc="0" uspid="377" ordinal="0" offset="224" sl="161" sc="17" el="161" ec="17" bec="0" bev="0" fileid="4" />
                <SequencePoint vc="0" uspid="378" ordinal="0" offset="225" sl="163" sc="21" el="163" ec="21" bec="0" bev="0" fileid="4" />
                <SequencePoint vc="0" uspid="379" ordinal="0" offset="239" sl="164" sc="21" el="164" ec="21" bec="0" bev="0" fileid="4" />
                <SequencePoint vc="0" uspid="380" ordinal="0" offset="253" sl="166" sc="21" el="166" ec="21" bec="0" bev="0" fileid="4" />
                <SequencePoint vc="0" uspid="381" ordinal="0" offset="296" sl="169" sc="21" el="169" ec="21" bec="0" bev="0" fileid="4" />
                <SequencePoint vc="0" uspid="382" ordinal="0" offset="336" sl="170" sc="21" el="170" ec="21" bec="0" bev="0" fileid="4" />
                <SequencePoint vc="0" uspid="383" ordinal="0" offset="337" sl="171" sc="25" el="171" ec="25" bec="0" bev="0" fileid="4" />
                <SequencePoint vc="0" uspid="384" ordinal="0" offset="344" sl="172" sc="25" el="172" ec="25" bec="0" bev="0" fileid="4" />
                <SequencePoint vc="0" uspid="385" ordinal="0" offset="351" sl="173" sc="25" el="173" ec="25" bec="0" bev="0" fileid="4" />
                <SequencePoint vc="0" uspid="386" ordinal="0" offset="377" sl="174" sc="25" el="174" ec="25" bec="0" bev="0" fileid="4" />
                <SequencePoint vc="0" uspid="387" ordinal="0" offset="396" sl="175" sc="25" el="175" ec="25" bec="0" bev="0" fileid="4" />
                <SequencePoint vc="0" uspid="388" ordinal="0" offset="407" sl="179" sc="25" el="179" ec="25" bec="0" bev="0" fileid="4" />
                <SequencePoint vc="0" uspid="389" ordinal="0" offset="425" sl="180" sc="21" el="180" ec="21" bec="0" bev="0" fileid="4" />
                <SequencePoint vc="0" uspid="390" ordinal="0" offset="428" sl="182" sc="21" el="182" ec="21" bec="0" bev="0" fileid="4" />
                <SequencePoint vc="0" uspid="391" ordinal="0" offset="429" sl="183" sc="25" el="183" ec="25" bec="0" bev="0" fileid="4" />
                <SequencePoint vc="0" uspid="392" ordinal="0" offset="455" sl="184" sc="25" el="184" ec="25" bec="0" bev="0" fileid="4" />
                <SequencePoint vc="0" uspid="393" ordinal="0" offset="474" sl="185" sc="25" el="185" ec="25" bec="0" bev="0" fileid="4" />
                <SequencePoint vc="0" uspid="394" ordinal="0" offset="485" sl="186" sc="21" el="186" ec="21" bec="0" bev="0" fileid="4" />
                <SequencePoint vc="0" uspid="395" ordinal="0" offset="486" sl="187" sc="17" el="187" ec="17" bec="0" bev="0" fileid="4" />
                <SequencePoint vc="1" uspid="396" ordinal="0" offset="487" sl="188" sc="13" el="188" ec="13" bec="0" bev="0" fileid="4" />
                <SequencePoint vc="0" uspid="397" ordinal="0" offset="490" sl="190" sc="13" el="190" ec="13" bec="0" bev="0" fileid="4" />
                <SequencePoint vc="0" uspid="398" ordinal="0" offset="491" sl="191" sc="17" el="191" ec="17" bec="0" bev="0" fileid="4" />
                <SequencePoint vc="0" uspid="399" ordinal="0" offset="498" sl="192" sc="13" el="192" ec="13" bec="0" bev="0" fileid="4" />
                <SequencePoint vc="1" uspid="400" ordinal="0" offset="499" sl="193" sc="9" el="193" ec="9" bec="0" bev="0" fileid="4" />
                <SequencePoint vc="1" uspid="401" ordinal="0" offset="500" sl="194" sc="9" el="194" ec="9" bec="0" bev="0" fileid="4" />
                <SequencePoint vc="1" uspid="402" ordinal="0" offset="515" sl="195" sc="9" el="195" ec="9" bec="0" bev="0" fileid="4" />
                <SequencePoint vc="1" uspid="403" ordinal="0" offset="516" sl="196" sc="13" el="196" ec="13" bec="0" bev="0" fileid="4" />
                <SequencePoint vc="1" uspid="404" ordinal="0" offset="534" sl="197" sc="9" el="197" ec="9" bec="0" bev="0" fileid="4" />
                <SequencePoint vc="1" uspid="405" ordinal="0" offset="535" sl="199" sc="9" el="199" ec="9" bec="0" bev="0" fileid="4" />
                <SequencePoint vc="1" uspid="406" ordinal="0" offset="542" sl="200" sc="5" el="200" ec="5" bec="0" bev="0" fileid="4" />
              </SequencePoints>
              <BranchPoints />
            </Method>
            <Method visited="true" cyclomaticComplexity="0" nPathComplexity="0" sequenceCoverage="75.00" branchCoverage="0" crapScore="0" isConstructor="false" isStatic="false" isGetter="false" isSetter="false">
[...]
                <SequencePoint vc="8697" uspid="2209" ordinal="0" offset="282" sl="240" sc="4" el="240" ec="4" bec="0" bev="0" fileid="30" />
                <SequencePoint vc="8697" uspid="2210" ordinal="0" offset="283" sl="241" sc="3" el="241" ec="3" bec="0" bev="0" fileid="30" />
              </SequencePoints>
              <BranchPoints />
            </Method>
            <Method visited="true" cyclomaticComplexity="0" nPathComplexity="0" sequenceCoverage="71.43" branchCoverage="0" crapScore="0" isConstructor="false" isStatic="true" isGetter="false" isSetter="false">
              <Summary numSequencePoints="7" visitedSequencePoints="5" numBranchPoints="0" visitedBranchPoints="0" sequenceCoverage="71.43" branchCoverage="0" maxCyclomaticComplexity="0" minCyclomaticComplexity="0" maxCrapScore="0" minCrapScore="0" visitedClasses="0" numClasses="0" visitedMethods="1" numMethods="1" />
              <MetadataToken>100663539</MetadataToken>
              <Name>static System.Single StarterAssets.FirstPersonController::ClampAngle(System.Single, System.Single, System.Single)</Name>
              <FileRef uid="30" />
              <SequencePoints>
                <SequencePoint vc="8696" uspid="2211" ordinal="0" offset="0" sl="244" sc="3" el="244" ec="3" bec="0" bev="0" fileid="30" />
                <SequencePoint vc="8696" uspid="2212" ordinal="0" offset="1" sl="245" sc="4" el="245" ec="4" bec="0" bev="0" fileid="30" />
                <SequencePoint vc="0" uspid="2213" ordinal="0" offset="13" sl="245" sc="25" el="245" ec="25" bec="0" bev="0" fileid="30" />
                <SequencePoint vc="8696" uspid="2214" ordinal="0" offset="22" sl="246" sc="4" el="246" ec="4" bec="0" bev="0" fileid="30" />
                <SequencePoint vc="0" uspid="2215" ordinal="0" offset="34" sl="246" sc="24" el="246" ec="24" bec="0" bev="0" fileid="30" />
                <SequencePoint vc="8696" uspid="2216" ordinal="0" offset="43" sl="247" sc="4" el="247" ec="4" bec="0" bev="0" fileid="30" />
                <SequencePoint vc="8696" uspid="2217" ordinal="0" offset="54" sl="248" sc="3" el="248" ec="3" bec="0" bev="0" fileid="30" />
              </SequencePoints>
              <BranchPoints />
            </Method>
            <Method visited="false" cyclomaticComplexity="0" nPathComplexity="0" sequenceCoverage="0.0" branchCoverage="0" crapScore="0" isConstructor="false" isStatic="false" isGetter="false" isSetter="false">
              <Summary numSequencePoints="8" visitedSequencePoints="0" numBranchPoints="0" visitedBranchPoints="0" sequenceCoverage="0.0" branchCoverage="0" maxCyclomaticComplexity="0" minCyclomaticComplexity="0" maxCrapScore="0" minCrapScore="0" visitedClasses="0" numClasses="0" visitedMethods="0" numMethods="1" />
              <MetadataToken>100663540</MetadataToken>
              <Name>System.Void StarterAssets.FirstPersonController::OnDrawGizmosSelected()</Name>
              <FileRef uid="30" />
              <SequencePoints>
                <SequencePoint vc="0" uspid="2218" ordinal="0" offset="0" sl="251" sc="0" el="251" ec="0" bec="0" bev="0" fileid="30" />
                <SequencePoint vc="0" uspid="2219" ordinal="0" offset="1" sl="252" sc="0" el="252" ec="0" bec="0" bev="0" fileid="30" />
                <SequencePoint vc="0" uspid="2220" ordinal="0" offset="28" sl="253" sc="0" el="253" ec="0" bec="0" bev="0" fileid="30" />
                <SequencePoint vc="0" uspid="2221" ordinal="0" offset="55" sl="255" sc="0" el="255" ec="0" bec="0" bev="0" fileid="30" />
                <SequencePoint vc="0" uspid="2222" ordinal="0" offset="65" sl="255" sc="0" el="255" ec="0" bec="0" bev="0" fileid="30" />
                <SequencePoint vc="0" uspid="2223" ordinal="0" offset="74" sl="256" sc="0" el="256" ec="0" bec="0" bev="0" fileid="30" />
                <SequencePoint vc="0" uspid="2224" ordinal="0" offset="81" sl="259" sc="0" el="259" ec="0" bec="0" bev="0" fileid="30" />
                <SequencePoint vc="0" uspid="2225" ordinal="0" offset="153" sl="260" sc="0" el="260" ec="0" bec="0" bev="0" fileid="30" />
              </SequencePoints>
              <BranchPoints />
            </Method>
            <Method visited="true" cyclomaticComplexity="0" nPathComplexity="0" sequenceCoverage="100.0" branchCoverage="0" crapScore="0" isConstructor="true" isStatic="false" isGetter="false" isSetter="false">
              <Summary numSequencePoints="17" visitedSequencePoints="17" numBranchPoints="0" visitedBranchPoints="0" sequenceCoverage="100.0" branchCoverage="0" maxCyclomaticComplexity="0" minCyclomaticComplexity="0" maxCrapScore="0" minCrapScore="0" visitedClasses="0" numClasses="0" visitedMethods="1" numMethods="1" />
              <MetadataToken>100663541</MetadataToken>
              <Name>StarterAssets.FirstPersonController::FirstPersonController()</Name>
              <FileRef uid="30" />
              <SequencePoints>
                <SequencePoint vc="8" uspid="2226" ordinal="0" offset="0" sl="14" sc="3" el="14" ec="3" bec="0" bev="0" fileid="30" />
                <SequencePoint vc="8" uspid="2227" ordinal="0" offset="11" sl="15" sc="3" el="15" ec="3" bec="0" bev="0" fileid="30" />
                <SequencePoint vc="8" uspid="2228" ordinal="0" offset="22" sl="17" sc="3" el="17" ec="3" bec="0" bev="0" fileid="30" />
                <SequencePoint vc="8" uspid="2229" ordinal="0" offset="48" sl="24" sc="3" el="24" ec="3" bec="0" bev="0" fileid="30" />
                <SequencePoint vc="8" uspid="2230" ordinal="0" offset="59" sl="26" sc="3" el="26" ec="3" bec="0" bev="0" fileid="30" />
                <SequencePoint vc="8" uspid="2231" ordinal="0" offset="70" sl="28" sc="3" el="28" ec="3" bec="0" bev="0" fileid="30" />
                <SequencePoint vc="8" uspid="2232" ordinal="0" offset="81" sl="30" sc="3" el="30" ec="3" bec="0" bev="0" fileid="30" />
                <SequencePoint vc="8" uspid="2233" ordinal="0" offset="92" sl="34" sc="3" el="34" ec="3" bec="0" bev="0" fileid="30" />
                <SequencePoint vc="8" uspid="2234" ordinal="0" offset="103" sl="36" sc="3" el="36" ec="3" bec="0" bev="0" fileid="30" />
                <SequencePoint vc="8" uspid="2235" ordinal="0" offset="114" sl="40" sc="3" el="40" ec="3" bec="0" bev="0" fileid="30" />
                <SequencePoint vc="8" uspid="2236" ordinal="0" offset="125" sl="42" sc="3" el="42" ec="3" bec="0" bev="0" fileid="30" />
                <SequencePoint vc="8" uspid="2237" ordinal="0" offset="136" sl="46" sc="3" el="46" ec="3" bec="0" bev="0" fileid="30" />
                <SequencePoint vc="8" uspid="2238" ordinal="0" offset="143" sl="48" sc="3" el="48" ec="3" bec="0" bev="0" fileid="30" />
                <SequencePoint vc="8" uspid="2239" ordinal="0" offset="154" sl="50" sc="3" el="50" ec="3" bec="0" bev="0" fileid="30" />
                <SequencePoint vc="8" uspid="2240" ordinal="0" offset="165" sl="58" sc="3" el="58" ec="3" bec="0" bev="0" fileid="30" />
                <SequencePoint vc="8" uspid="2241" ordinal="0" offset="176" sl="60" sc="3" el="60" ec="3" bec="0" bev="0" fileid="30" />
                <SequencePoint vc="8" uspid="2242" ordinal="0" offset="187" sl="69" sc="3" el="69" ec="3" bec="0" bev="0" fileid="30" />
              </SequencePoints>
              <BranchPoints />
            </Method>
          </Methods>
        </Class>
        <Class>
          <Summary numSequencePoints="4" visitedSequencePoints="0" numBranchPoints="0" visitedBranchPoints="0" sequenceCoverage="0.0" branchCoverage="0.0" maxCyclomaticComplexity="0" minCyclomaticComplexity="0" maxCrapScore="0" minCrapScore="0" visitedClasses="0" numClasses="1" visitedMethods="0" numMethods="1" />
          <FullName>Target_Anticipation/&lt;WaitBeforeRestarting&gt;d__10</FullName>
          <Methods>
            <Method visited="false" cyclomaticComplexity="0" nPathComplexity="0" sequenceCoverage="0.0" branchCoverage="0" crapScore="0" isConstructor="false" isStatic="false" isGetter="false" isSetter="false">
              <Summary numSequencePoints="4" visitedSequencePoints="0" numBranchPoints="0" visitedBranchPoints="0" sequenceCoverage="0.0" branchCoverage="0" maxCyclomaticComplexity="0" minCyclomaticComplexity="0" maxCrapScore="0" minCrapScore="0" visitedClasses="0" numClasses="0" visitedMethods="0" numMethods="1" />
              <MetadataToken>100663544</MetadataToken>
              <Name>System.Boolean Target_Anticipation/&lt;WaitBeforeRestarting&gt;d__10::MoveNext()</Name>
              <FileRef uid="13" />
              <SequencePoints>
                <SequencePoint vc="0" uspid="2243" ordinal="0" offset="31" sl="93" sc="0" el="93" ec="0" bec="0" bev="0" fileid="13" />
                <SequencePoint vc="0" uspid="2244" ordinal="0" offset="32" sl="94" sc="0" el="94" ec="0" bec="0" bev="0" fileid="13" />
                <SequencePoint vc="0" uspid="2245" ordinal="0" offset="64" sl="95" sc="0" el="95" ec="0" bec="0" bev="0" fileid="13" />
                <SequencePoint vc="0" uspid="2246" ordinal="0" offset="85" sl="96" sc="0" el="96" ec="0" bec="0" bev="0" fileid="13" />
              </SequencePoints>
              <BranchPoints />
            </Method>
          </Methods>
        </Class>
        <Class>
          <Summary numSequencePoints="9" visitedSequencePoints="0" numBranchPoints="0" visitedBranchPoints="0" sequenceCoverage="0.0" branchCoverage="0.0" maxCyclomaticComplexity="0" minCyclomaticComplexity="0" maxCrapScore="0" minCrapScore="0" visitedClasses="0" numClasses="1" visitedMethods="0" numMethods="1" />
          <FullName>Weapon/&lt;Reload&gt;d__23</FullName>
          <Methods>
            <Method visited="false" cyclomaticComplexity="0" nPathComplexity="0" sequenceCoverage="0.0" branchCoverage="0" crapScore="0" isConstructor="false" isStatic="false" isGetter="false" isSetter="false">
              <Summary numSequencePoints="9" visitedSequencePoints="0" numBranchPoints="0" visitedBranchPoints="0" sequenceCoverage="0.0" branchCoverage="0" maxCyclomaticComplexity="0" minCyclomaticComplexity="0" maxCrapScore="0" minCrapScore="0" visitedClasses="0" numClasses="0" visitedMethods="0" numMethods="1" />
              <MetadataToken>100663550</MetadataToken>
              <Name>System.Boolean Weapon/&lt;Reload&gt;d__23::MoveNext()</Name>
              <FileRef uid="17" />
              <SequencePoints>
                <SequencePoint vc="0" uspid="2247" ordinal="0" offset="45" sl="134" sc="0" el="134" ec="0" bec="0" bev="0" fileid="17" />
                <SequencePoint vc="0" uspid="2248" ordinal="0" offset="46" sl="135" sc="0" el="135" ec="0" bec="0" bev="0" fileid="17" />
                <SequencePoint vc="0" uspid="2249" ordinal="0" offset="58" sl="136" sc="0" el="136" ec="0" bec="0" bev="0" fileid="17" />
                <SequencePoint vc="0" uspid="2250" ordinal="0" offset="81" sl="137" sc="0" el="137" ec="0" bec="0" bev="0" fileid="17" />
                <SequencePoint vc="0" uspid="2251" ordinal="0" offset="125" sl="138" sc="0" el="138" ec="0" bec="0" bev="0" fileid="17" />
                <SequencePoint vc="0" uspid="2252" ordinal="0" offset="148" sl="139" sc="0" el="139" ec="0" bec="0" bev="0" fileid="17" />
                <SequencePoint vc="0" uspid="2253" ordinal="0" offset="192" sl="140" sc="0" el="140" ec="0" bec="0" bev="0" fileid="17" />
                <SequencePoint vc="0" uspid="2254" ordinal="0" offset="214" sl="141" sc="0" el="141" ec="0" bec="0" bev="0" fileid="17" />
                <SequencePoint vc="0" uspid="2255" ordinal="0" offset="226" sl="142" sc="0" el="142" ec="0" bec="0" bev="0" fileid="17" />
              </SequencePoints>
              <BranchPoints />
            </Method>
          </Methods>
        </Class>
        <Class>
          <Summary numSequencePoints="4" visitedSequencePoints="4" numBranchPoints="0" visitedBranchPoints="0" sequenceCoverage="100.0" branchCoverage="0.0" maxCyclomaticComplexity="0" minCyclomaticComplexity="0" maxCrapScore="0" minCrapScore="0" visitedClasses="1" numClasses="1" visitedMethods="1" numMethods="1" />
          <FullName>AchievementChecker/&lt;CheckForAchievements&gt;d__22</FullName>
          <Methods>
            <Method visited="true" cyclomaticComplexity="0" nPathComplexity="0" sequenceCoverage="100.0" branchCoverage="0" crapScore="0" isConstructor="false" isStatic="false" isGetter="false" isSetter="false">
              <Summary numSequencePoints="4" visitedSequencePoints="4" numBranchPoints="0" visitedBranchPoints="0" sequenceCoverage="100.0" branchCoverage="0" maxCyclomaticComplexity="0" minCyclomaticComplexity="0" maxCrapScore="0" minCrapScore="0" visitedClasses="0" numClasses="0" visitedMethods="1" numMethods="1" />
              <MetadataToken>100663556</MetadataToken>
              <Name>System.Boolean AchievementChecker/&lt;CheckForAchievements&gt;d__22::MoveNext()</Name>
              <FileRef uid="20" />
              <SequencePoints>
                <SequencePoint vc="4" uspid="2256" ordinal="0" offset="31" sl="146" sc="5" el="146" ec="5" bec="0" bev="0" fileid="20" />
                <SequencePoint vc="4" uspid="2257" ordinal="0" offset="32" sl="147" sc="9" el="147" ec="9" bec="0" bev="0" fileid="20" />
                <SequencePoint vc="4" uspid="2258" ordinal="0" offset="66" sl="148" sc="9" el="148" ec="9" bec="0" bev="0" fileid="20" />
                <SequencePoint vc="4" uspid="2259" ordinal="0" offset="78" sl="149" sc="5" el="149" ec="5" bec="0" bev="0" fileid="20" />
              </SequencePoints>
              <BranchPoints />
            </Method>
          </Methods>
        </Class>
        <Class>
          <Summary numSequencePoints="4" visitedSequencePoints="0" numBranchPoints="0" visitedBranchPoints="0" sequenceCoverage="0.0" branchCoverage="0.0" maxCyclomaticComplexity="0" minCyclomaticComplexity="0" maxCrapScore="0" minCrapScore="0" visitedClasses="0" numClasses="1" visitedMethods="0" numMethods="1" />
          <FullName>AchievementManager/&lt;HideAchievement&gt;d__19</FullName>
          <Methods>
            <Method visited="false" cyclomaticComplexity="0" nPathComplexity="0" sequenceCoverage="0.0" branchCoverage="0" crapScore="0" isConstructor="false" isStatic="false" isGetter="false" isSetter="false">
              <Summary numSequencePoints="4" visitedSequencePoints="0" numBranchPoints="0" visitedBranchPoints="0" sequenceCoverage="0.0" branchCoverage="0" maxCyclomaticComplexity="0" minCyclomaticComplexity="0" maxCrapScore="0" minCrapScore="0" visitedClasses="0" numClasses="0" visitedMethods="0" numMethods="1" />
              <MetadataToken>100663562</MetadataToken>
              <Name>System.Boolean AchievementManager/&lt;HideAchievement&gt;d__19::MoveNext()</Name>
              <FileRef uid="22" />
              <SequencePoints>
                <SequencePoint vc="0" uspid="2260" ordinal="0" offset="31" sl="106" sc="0" el="106" ec="0" bec="0" bev="0" fileid="22" />
                <SequencePoint vc="0" uspid="2261" ordinal="0" offset="32" sl="107" sc="0" el="107" ec="0" bec="0" bev="0" fileid="22" />
                <SequencePoint vc="0" uspid="2262" ordinal="0" offset="64" sl="108" sc="0" el="108" ec="0" bec="0" bev="0" fileid="22" />
                <SequencePoint vc="0" uspid="2263" ordinal="0" offset="76" sl="109" sc="0" el="109" ec="0" bec="0" bev="0" fileid="22" />
              </SequencePoints>
              <BranchPoints />
            </Method>
          </Methods>
        </Class>
        <Class>
          <Summary numSequencePoints="22" visitedSequencePoints="0" numBranchPoints="0" visitedBranchPoints="0" sequenceCoverage="0.0" branchCoverage="0.0" maxCyclomaticComplexity="0" minCyclomaticComplexity="0" maxCrapScore="0" minCrapScore="0" visitedClasses="0" numClasses="1" visitedMethods="0" numMethods="1" />
          <FullName>AchievementManager/&lt;FadeAchievement&gt;d__23</FullName>
          <Methods>
            <Method visited="false" cyclomaticComplexity="0" nPathComplexity="0" sequenceCoverage="0.0" branchCoverage="0" crapScore="0" isConstructor="false" isStatic="false" isGetter="false" isSetter="false">
              <Summary numSequencePoints="22" visitedSequencePoints="0" numBranchPoints="0" visitedBranchPoints="0" sequenceCoverage="0.0" branchCoverage="0" maxCyclomaticComplexity="0" minCyclomaticComplexity="0" maxCrapScore="0" minCrapScore="0" visitedClasses="0" numClasses="0" visitedMethods="0" numMethods="1" />
              <MetadataToken>100663568</MetadataToken>
              <Name>System.Boolean AchievementManager/&lt;FadeAchievement&gt;d__23::MoveNext()</Name>
              <FileRef uid="22" />
              <SequencePoints>
                <SequencePoint vc="0" uspid="2264" ordinal="0" offset="48" sl="139" sc="0" el="139" ec="0" bec="0" bev="0" fileid="22" />
                <SequencePoint vc="0" uspid="2265" ordinal="0" offset="49" sl="140" sc="0" el="140" ec="0" bec="0" bev="0" fileid="22" />
                <SequencePoint vc="0" uspid="2266" ordinal="0" offset="66" sl="141" sc="0" el="141" ec="0" bec="0" bev="0" fileid="22" />
                <SequencePoint vc="0" uspid="2267" ordinal="0" offset="89" sl="142" sc="0" el="142" ec="0" bec="0" bev="0" fileid="22" />
                <SequencePoint vc="0" uspid="2268" ordinal="0" offset="96" sl="143" sc="0" el="143" ec="0" bec="0" bev="0" fileid="22" />
                <SequencePoint vc="0" uspid="2269" ordinal="0" offset="103" sl="145" sc="0" el="145" ec="0" bec="0" bev="0" fileid="22" />
                <SequencePoint vc="0" uspid="2270" ordinal="0" offset="115" sl="146" sc="0" el="146" ec="0" bec="0" bev="0" fileid="22" />
                <SequencePoint vc="0" uspid="2271" ordinal="0" offset="116" sl="147" sc="0" el="147" ec="0" bec="0" bev="0" fileid="22" />
                <SequencePoint vc="0" uspid="2272" ordinal="0" offset="129" sl="150" sc="0" el="150" ec="0" bec="0" bev="0" fileid="22" />
                <SequencePoint vc="0" uspid="2273" ordinal="0" offset="130" sl="151" sc="0" el="151" ec="0" bec="0" bev="0" fileid="22" />
                <SequencePoint vc="0" uspid="2274" ordinal="0" offset="167" sl="152" sc="0" el="152" ec="0" bec="0" bev="0" fileid="22" />
                <SequencePoint vc="0" uspid="2275" ordinal="0" offset="192" sl="153" sc="0" el="153" ec="0" bec="0" bev="0" fileid="22" />
                <SequencePoint vc="0" uspid="2276" ordinal="0" offset="215" sl="154" sc="0" el="154" ec="0" bec="0" bev="0" fileid="22" />
                <SequencePoint vc="0" uspid="2277" ordinal="0" offset="216" sl="149" sc="0" el="149" ec="0" bec="0" bev="0" fileid="22" />
                <SequencePoint vc="0" uspid="2278" ordinal="0" offset="233" sl="155" sc="0" el="155" ec="0" bec="0" bev="0" fileid="22" />
                <SequencePoint vc="0" uspid="2279" ordinal="0" offset="265" sl="156" sc="0" el="156" ec="0" bec="0" bev="0" fileid="22" />
                <SequencePoint vc="0" uspid="2280" ordinal="0" offset="272" sl="157" sc="0" el="157" ec="0" bec="0" bev="0" fileid="22" />
                <SequencePoint vc="0" uspid="2281" ordinal="0" offset="279" sl="158" sc="0" el="158" ec="0" bec="0" bev="0" fileid="22" />
                <SequencePoint vc="0" uspid="2282" ordinal="0" offset="280" sl="145" sc="0" el="145" ec="0" bec="0" bev="0" fileid="22" />
                <SequencePoint vc="0" uspid="2283" ordinal="0" offset="296" sl="145" sc="0" el="145" ec="0" bec="0" bev="0" fileid="22" />
                <SequencePoint vc="0" uspid="2284" ordinal="0" offset="312" sl="159" sc="0" el="159" ec="0" bec="0" bev="0" fileid="22" />
                <SequencePoint vc="0" uspid="2285" ordinal="0" offset="324" sl="160" sc="0" el="160" ec="0" bec="0" bev="0" fileid="22" />
              </SequencePoints>
              <BranchPoints />
            </Method>
          </Methods>
        </Class>
      </Classes>
    </Module>
  </Modules>
</CoverageSession>